Log file open, 11/06/17 11:52:53
LogWindows: LoadLibraryWithSearchPaths failed for file aqProf.dll. GetLastError=0
LogWindows: LoadLibraryWithSearchPaths failed for file VtuneApi.dll. GetLastError=0
LogWindows: LoadLibraryWithSearchPaths failed for file VtuneApi32e.dll. GetLastError=0
LogInit: Display: Running engine for game: ZOMBZ
LogPlatformFile: Not using cached read wrapper
LogInit: Display: RandInit(1931969525) SRandInit(1931969525).
LogTaskGraph: Started task graph with 5 named threads and 14 total threads with 3 sets of task threads.
LogStats: Stats thread started at 0.205565
LogD3D11RHI: Aftermath initialized
LogPluginManager: Mounting plugin Paper2D
LogPluginManager: Mounting plugin LightPropagationVolume
LogPluginManager: Mounting plugin CodeLiteSourceCodeAccess
LogPluginManager: Mounting plugin GitSourceControl
LogPluginManager: Mounting plugin KDevelopSourceCodeAccess
LogPluginManager: Mounting plugin NullSourceCodeAccess
LogPluginManager: Mounting plugin PerforceSourceControl
LogPluginManager: Mounting plugin SubversionSourceControl
LogPluginManager: Mounting plugin UObjectPlugin
LogPluginManager: Mounting plugin VisualStudioSourceCodeAccess
LogPluginManager: Mounting plugin XCodeSourceCodeAccess
LogPluginManager: Mounting plugin AssetManagerEditor
LogPluginManager: Mounting plugin AudioCapture
LogPluginManager: Mounting plugin FacialAnimation
LogPluginManager: Mounting plugin GameplayTagsEditor
LogPluginManager: Mounting plugin MobileLauncherProfileWizard
LogPluginManager: Mounting plugin PluginBrowser
LogPluginManager: Mounting plugin SpeedTreeImporter
LogPluginManager: Mounting plugin AlembicImporter
LogPluginManager: Mounting plugin CharacterAI
LogPluginManager: Mounting plugin HTML5Networking
LogPluginManager: Mounting plugin AndroidMedia
LogPluginManager: Mounting plugin AvfMedia
LogPluginManager: Mounting plugin MediaPlayerEditor
LogPluginManager: Mounting plugin WmfMedia
LogPluginManager: Mounting plugin TcpMessaging
LogPluginManager: Mounting plugin UdpMessaging
LogPluginManager: Mounting plugin LevelSequenceEditor
LogPluginManager: Mounting plugin MatineeToLevelSequence
LogPluginManager: Mounting plugin OnlineSubsystemGooglePlay
LogPluginManager: Mounting plugin OnlineSubsystemIOS
LogPluginManager: Mounting plugin OnlineSubsystem
LogPluginManager: Mounting plugin OnlineSubsystemNull
LogPluginManager: Mounting plugin OnlineSubsystemUtils
LogPluginManager: Mounting plugin AndroidDeviceProfileSelector
LogPluginManager: Mounting plugin AndroidMoviePlayer
LogPluginManager: Mounting plugin AndroidPermission
LogPluginManager: Mounting plugin AppleMoviePlayer
LogPluginManager: Mounting plugin ArchVisCharacter
LogPluginManager: Mounting plugin CableComponent
LogPluginManager: Mounting plugin CustomMeshComponent
LogPluginManager: Mounting plugin ExampleDeviceProfileSelector
LogPluginManager: Mounting plugin GoogleCloudMessaging
LogPluginManager: Mounting plugin ImmediatePhysics
LogPluginManager: Mounting plugin IOSDeviceProfileSelector
LogPluginManager: Mounting plugin LinuxDeviceProfileSelector
LogPluginManager: Mounting plugin LocationServicesBPLibrary
LogPluginManager: Mounting plugin MobilePatchingUtils
LogPluginManager: Mounting plugin OculusVR
LogPluginManager: Mounting plugin PhysXVehicles
LogPluginManager: Mounting plugin ProceduralMeshComponent
LogPluginManager: Mounting plugin RuntimePhysXCooking
LogPluginManager: Mounting plugin SteamVR
LogPluginManager: Mounting plugin WindowsMoviePlayer
LogInit: Using libcurl 7.47.1
LogInit:  - built for x86_64-pc-win32
LogInit:  - supports SSL with OpenSSL/1.0.2g
LogInit:  - supports HTTP deflate (compression) using libz 1.2.8
LogInit:  - other features:
LogInit:      CURL_VERSION_SSL
LogInit:      CURL_VERSION_LIBZ
LogInit:      CURL_VERSION_IPV6
LogInit:      CURL_VERSION_ASYNCHDNS
LogInit:      CURL_VERSION_LARGEFILE
LogInit:      CURL_VERSION_IDN
LogInit:  CurlRequestOptions (configurable via config and command line):
LogInit:  - bVerifyPeer = false  - Libcurl will NOT verify peer certificate
LogInit:  - bUseHttpProxy = false  - Libcurl will NOT use HTTP proxy
LogInit:  - bDontReuseConnections = false  - Libcurl will reuse connections
LogInit:  - CertBundlePath = nullptr  - Libcurl will use whatever was configured at build time.
LogInit: Build: ++UE4+Release-4.17-CL-3586342
LogInit: Engine Version: 4.17.1-3586342+++UE4+Release-4.17
LogInit: Compatible Engine Version: 4.17.0-3573198+++UE4+Release-4.17
LogInit: Net CL: 3573198
LogDevObjectVersion: Number of dev versions registered: 16
LogDevObjectVersion:   Dev-Blueprints (B0D832E4-1F89-4F0D-ACCF-7EB736FD4AA2): 10
LogDevObjectVersion:   Dev-Build (E1C64328-A22C-4D53-A36C-8E866417BD8C): 0
LogDevObjectVersion:   Dev-Core (375EC13C-06E4-48FB-B500-84F0262A717E): 2
LogDevObjectVersion:   Dev-Editor (E4B068ED-F494-42E9-A231-DA0B2E46BB41): 20
LogDevObjectVersion:   Dev-Framework (CFFC743F-43B0-4480-9391-14DF171D2073): 28
LogDevObjectVersion:   Dev-Mobile (B02B49B5-BB20-44E9-A304-32B752E40360): 0
LogDevObjectVersion:   Dev-Networking (A4E4105C-59A1-49B5-A7C5-40C4547EDFEE): 0
LogDevObjectVersion:   Dev-Online (39C831C9-5AE6-47DC-9A44-9C173E1C8E7C): 0
LogDevObjectVersion:   Dev-Physics (78F01B33-EBEA-4F98-B9B4-84EACCB95AA2): 0
LogDevObjectVersion:   Dev-Platform (6631380F-2D4D-43E0-8009-CF276956A95A): 0
LogDevObjectVersion:   Dev-Rendering (12F88B9F-8875-4AFC-A67C-D90C383ABD29): 19
LogDevObjectVersion:   Dev-Sequencer (7B5AE74C-D270-4C10-A958-57980B212A5A): 4
LogDevObjectVersion:   Dev-VR (D7296918-1DD6-4BDD-9DE2-64A83CC13884): 0
LogDevObjectVersion:   Dev-LoadTimes (C2A15278-BFE7-4AFE-6C17-90FF531DF755): 1
LogDevObjectVersion:   Private-Geometry (6EACA3D4-40EC-4CC1-B786-8BED09428FC5): 1
LogDevObjectVersion:   Dev-AnimPhys (29E575DD-E0A3-4627-9D10-D276232CDCEA): 7
LogInit: Compiled (64-bit): Aug 15 2017 02:05:26
LogInit: Compiled with Visual C++: 19.00.24215.01
LogInit: Build Configuration: Development
LogInit: Branch Name: ++UE4+Release-4.17
LogInit: Command line:  
LogInit: Base directory: D:/unrealengine/UE_4.17/Engine/Binaries/Win64/
LogInit: Installed Engine Build: 1
LogInit: Presizing for max 8388607 objects, including 0 objects not considered by GC, pre-allocating 0 bytes for permanent pool.
LogInit: Object subsystem initialized
[2017.11.06-10.52.54:134][  0]LogInit: Selected Device Profile: [Windows]
[2017.11.06-10.52.54:134][  0]LogInit: Applying CVar settings loaded from the selected device profile: [Windows]
[2017.11.06-10.52.54:161][  0]LogInit: Computer: PETER-PC
[2017.11.06-10.52.54:161][  0]LogInit: User: Peter
[2017.11.06-10.52.54:161][  0]LogInit: CPU Page size=4096, Cores=4
[2017.11.06-10.52.54:161][  0]LogInit: High frequency timer resolution =3.320331 MHz
[2017.11.06-10.52.54:161][  0]LogMemory: Memory total: Physical=15.9GB (16GB approx)
[2017.11.06-10.52.54:161][  0]LogMemory: Platform Memory Stats for Windows
[2017.11.06-10.52.54:161][  0]LogMemory: Process Physical Memory: 278.43 MB used, 278.43 MB peak
[2017.11.06-10.52.54:161][  0]LogMemory: Process Virtual Memory: 274.47 MB used, 274.47 MB peak
[2017.11.06-10.52.54:161][  0]LogMemory: Physical Memory: 3034.53 MB used,  13279.39 MB free, 16313.91 MB total
[2017.11.06-10.52.54:161][  0]LogMemory: Virtual Memory: 669.20 MB used,  13279.39 MB free, 134217728.00 MB total
[2017.11.06-10.52.54:414][  0]LogInit: Using OS detected language (en-US).
[2017.11.06-10.52.54:414][  0]LogInit: Using OS detected locale (en-US).
[2017.11.06-10.52.54:419][  0]LogTextLocalizationManager: No specific localization for 'en-US' exists, so the 'en' localization will be used.
[2017.11.06-10.52.55:252][  0]LogD3D11RHI: D3D11 adapters:
[2017.11.06-10.52.55:842][  0]LogD3D11RHI:    0. 'NVIDIA GeForce GTX 770' (Feature Level 11_0)
[2017.11.06-10.52.55:842][  0]LogD3D11RHI:       2017/0/8156 MB DedicatedVideo/DedicatedSystem/SharedSystem, Outputs:2, VendorId:0x10de
[2017.11.06-10.52.55:845][  0]LogD3D11RHI:    1. 'Microsoft Basic Render Driver' (Feature Level 11_0)
[2017.11.06-10.52.55:845][  0]LogD3D11RHI:       0/0/8156 MB DedicatedVideo/DedicatedSystem/SharedSystem, Outputs:0, VendorId:0x1414
[2017.11.06-10.52.55:845][  0]LogD3D11RHI: Chosen D3D11 Adapter: 0
[2017.11.06-10.52.55:848][  0]LogD3D11RHI: Creating new Direct3DDevice
[2017.11.06-10.52.55:848][  0]LogD3D11RHI:     GPU DeviceId: 0x1184 (for the marketing name, search the web for "GPU Device Id")
[2017.11.06-10.52.55:848][  0]LogWindows: EnumDisplayDevices:
[2017.11.06-10.52.55:848][  0]LogWindows:    0. 'NVIDIA GeForce GTX 770' (P:1 D:1)
[2017.11.06-10.52.55:848][  0]LogWindows:    1. 'NVIDIA GeForce GTX 770' (P:0 D:1)
[2017.11.06-10.52.55:849][  0]LogWindows:    2. 'NVIDIA GeForce GTX 770' (P:0 D:0)
[2017.11.06-10.52.55:849][  0]LogWindows:    3. 'NVIDIA GeForce GTX 770' (P:0 D:0)
[2017.11.06-10.52.55:849][  0]LogWindows: DebugString: FoundDriverCount:4 
[2017.11.06-10.52.55:849][  0]LogD3D11RHI:     Adapter Name: NVIDIA GeForce GTX 770
[2017.11.06-10.52.55:849][  0]LogD3D11RHI:   Driver Version: 385.69 (internal:22.21.13.8569, unified:385.69)
[2017.11.06-10.52.55:849][  0]LogD3D11RHI:      Driver Date: 9-16-2017
[2017.11.06-10.52.55:849][  0]LogRHI: Texture pool is 1361 MB (70% of 1945 MB)
[2017.11.06-10.52.56:390][  0]LogD3D11RHI: Async texture creation enabled
[2017.11.06-10.52.56:442][  0]LogD3D11RHI: GPU Timing Frequency: 1000.000000 (Debug: 2 1)
[2017.11.06-10.52.56:492][  0]LogShaderCompilers: Guid format shader working directory is 28 characters bigger than the processId version (../../../../../git/Intermediate/Shaders/WorkingDirectory/7532/).
[2017.11.06-10.52.56:493][  0]LogShaderCompilers: Cleaned the shader compiler working directory 'C:/Users/Peter/AppData/Local/Temp/UnrealShaderWorkingDir/3AFBDECE4DCA73E9E2642AB606575A9B/'.
[2017.11.06-10.52.56:493][  0]LogShaderCompilers: Display: Using Local Shader Compiler.
[2017.11.06-10.52.57:708][  0]LogTemp: Display: Loaded TP AllDesktopTargetPlatform
[2017.11.06-10.52.57:839][  0]LogTemp: Display: Loaded TP MacClientTargetPlatform
[2017.11.06-10.52.57:969][  0]LogTemp: Display: Loaded TP MacNoEditorTargetPlatform
[2017.11.06-10.52.58:097][  0]LogTemp: Display: Loaded TP MacServerTargetPlatform
[2017.11.06-10.52.58:227][  0]LogTemp: Display: Loaded TP MacTargetPlatform
[2017.11.06-10.52.58:357][  0]LogTemp: Display: Loaded TP WindowsClientTargetPlatform
[2017.11.06-10.52.58:489][  0]LogTemp: Display: Loaded TP WindowsNoEditorTargetPlatform
[2017.11.06-10.52.58:618][  0]LogTemp: Display: Loaded TP WindowsServerTargetPlatform
[2017.11.06-10.52.58:739][  0]LogTemp: Display: Loaded TP WindowsTargetPlatform
[2017.11.06-10.52.58:866][  0]LogTemp: Display: Loaded TP AndroidTargetPlatform
[2017.11.06-10.52.58:994][  0]LogTemp: Display: Loaded TP Android_ASTCTargetPlatform
[2017.11.06-10.52.59:122][  0]LogTemp: Display: Loaded TP Android_ATCTargetPlatform
[2017.11.06-10.52.59:249][  0]LogTemp: Display: Loaded TP Android_DXTTargetPlatform
[2017.11.06-10.52.59:377][  0]LogTemp: Display: Loaded TP Android_ETC1TargetPlatform
[2017.11.06-10.52.59:507][  0]LogTemp: Display: Loaded TP Android_ETC2TargetPlatform
[2017.11.06-10.52.59:769][  0]LogTemp: Display: Loaded TP Android_MultiTargetPlatform
[2017.11.06-10.52.59:769][  0]LogTemp: Display: Loaded TP Android_PVRTCTargetPlatform
[2017.11.06-10.52.59:888][  0]LogTemp: Display: Loaded TP HTML5TargetPlatform
[2017.11.06-10.53.00:068][  0]LogTemp: Display: Loaded TP IOSTargetPlatform
[2017.11.06-10.53.00:101][  0]LogTemp: Display: Loaded TP TVOSTargetPlatform
[2017.11.06-10.53.00:230][  0]LogTemp: Display: Loaded TP LinuxClientTargetPlatform
[2017.11.06-10.53.00:361][  0]LogTemp: Display: Loaded TP LinuxNoEditorTargetPlatform
[2017.11.06-10.53.00:496][  0]LogTemp: Display: Loaded TP LinuxServerTargetPlatform
[2017.11.06-10.53.00:626][  0]LogTemp: Display: Loaded TP LinuxTargetPlatform
[2017.11.06-10.53.00:626][  0]LogTargetPlatformManager: Display: Building Assets For Windows
[2017.11.06-10.53.01:529][  0]LogDerivedDataCache: Display: Max Cache Size: 512 MB
[2017.11.06-10.53.01:628][  0]LogDerivedDataCache: Loaded boot cache 0.10s 93MB C:/Users/Peter/AppData/Local/UnrealEngine/4.17/DerivedDataCache/Boot.ddc.
[2017.11.06-10.53.01:628][  0]LogDerivedDataCache: Display: Loaded Boot cache: C:/Users/Peter/AppData/Local/UnrealEngine/4.17/DerivedDataCache/Boot.ddc
[2017.11.06-10.53.01:628][  0]LogDerivedDataCache: FDerivedDataBackendGraph:  Pak pak cache file ../../../../../git/DerivedDataCache/DDC.ddp not found, will not use a pak cache.
[2017.11.06-10.53.01:628][  0]LogDerivedDataCache: Unable to find inner node Pak for hierarchical cache Hierarchy.
[2017.11.06-10.53.01:628][  0]LogDerivedDataCache: FDerivedDataBackendGraph:  CompressedPak pak cache file ../../../../../git/DerivedDataCache/Compressed.ddp not found, will not use a pak cache.
[2017.11.06-10.53.01:628][  0]LogDerivedDataCache: Unable to find inner node CompressedPak for hierarchical cache Hierarchy.
[2017.11.06-10.53.01:648][  0]LogDerivedDataCache: Display: Pak cache opened for reading ../../../Engine/DerivedDataCache/Compressed.ddp.
[2017.11.06-10.53.01:660][  0]LogDerivedDataCache: Using Local data cache path C:/Users/Peter/AppData/Local/UnrealEngine/Common/DerivedDataCache: Writable
[2017.11.06-10.53.01:672][  0]LogMaterial: Verifying Global Shaders for PCD3D_SM5
[2017.11.06-10.53.01:673][  0]LogSlate: Using Freetype 2.6.0
[2017.11.06-10.53.01:674][  0]LogSlate: SlateFontCache - WITH_FREETYPE: 1, WITH_HARFBUZZ: 1
[2017.11.06-10.53.01:674][  0]LogSlate: SlateFontCache - WITH_FREETYPE: 1, WITH_HARFBUZZ: 1
[2017.11.06-10.53.02:222][  0]LogAssetRegistry: FAssetRegistry took 0.0270 seconds to start up
[2017.11.06-10.53.02:359][  0]LogInit: Selected Device Profile: [Windows]
[2017.11.06-10.53.02:538][  0]LogContentStreaming: Texture pool size is 0.00 MB
[2017.11.06-10.53.03:201][  0]LogSimplygon: Simplygon DLL not present - disabling.
[2017.11.06-10.53.03:323][  0]LogMeshReduction: Using SimplygonSwarm for distributed automatic mesh merging
[2017.11.06-10.53.03:323][  0]LogMeshReduction: Using QuadricMeshReduction for automatic static mesh reduction
[2017.11.06-10.53.03:323][  0]LogMeshReduction: No automatic skeletal mesh reduction module available
[2017.11.06-10.53.03:323][  0]LogMeshReduction: No automatic mesh merging module available
[2017.11.06-10.53.03:323][  0]LogMeshMerging: No automatic mesh merging module available
[2017.11.06-10.53.03:789][  0]LogNetVersion: ZOMBZ , NetCL: 3573198, EngineNetVer: 2, GameNetVer: 0 (Checksum: 1306740352)
[2017.11.06-10.53.04:147][  0]LogPackageLocalizationCache: Processed 5 localized package path(s) for 2 prioritized culture(s) in 0.102669 seconds
[2017.11.06-10.53.04:153][  0]LogUObjectArray: 35825 objects as part of root set at end of initial load.
[2017.11.06-10.53.04:153][  0]LogUObjectAllocator: 7529104 out of 0 bytes used by permanent object pool.
[2017.11.06-10.53.04:153][  0]LogUObjectArray: CloseDisregardForGC: 0/0 objects in disregard for GC pool
[2017.11.06-10.53.04:217][  0]LogInit: WinSock: version 1.1 (2.2), MaxSocks=32767, MaxUdp=65467
[2017.11.06-10.53.09:330][  0]LogTcpMessaging: Initializing TcpMessaging bridge
[2017.11.06-10.53.09:387][  0]LogUdpMessaging: Initializing bridge on interface 0.0.0.0:0 to multicast group 230.0.0.1:6666.
[2017.11.06-10.53.11:030][  0]LogMaterial: Uniform references updated for custom material expression Custom.
[2017.11.06-10.53.12:051][  0]SourceControl: Source control is disabled
[2017.11.06-10.53.15:681][  0]LogAndroidPermission: UAndroidPermissionCallbackProxy::GetInstance
[2017.11.06-10.53.16:433][  0]LogOcInput: OculusInput pre-init called
[2017.11.06-10.53.17:095][  0]LogEngine: Initializing Engine...
[2017.11.06-10.53.17:098][  0]LogHMD: Failed to initialize OpenVR with code 110
[2017.11.06-10.53.17:393][  0]LogStats: UGameplayTagsManager::ConstructGameplayTagTree: Construct from data asset -  0.000 s
[2017.11.06-10.53.17:393][  0]LogStats: UGameplayTagsManager::ConstructGameplayTagTree: GameplayTagTreeChangedEvent.Broadcast -  0.000 s
[2017.11.06-10.53.17:777][  0]LogAIModule: Creating AISystem for world Untitled
[2017.11.06-10.53.17:794][  0]LogInit: XAudio2 using 'Speakers (Realtek High Definition Audio)' : 2 channels at 48 kHz using 32 bits per sample (channel mask 0x3)
[2017.11.06-10.53.17:830][  0]LogInit: FAudioDevice initialized.
[2017.11.06-10.53.17:945][  0]LogDerivedDataCache: Saved boot cache 0.11s 93MB C:/Users/Peter/AppData/Local/UnrealEngine/4.17/DerivedDataCache/Boot.ddc.
[2017.11.06-10.53.17:969][  0]LogInit: Texture streaming: Enabled
[2017.11.06-10.53.18:136][  0]LogEngineSessionManager: EngineSessionManager initialized
[2017.11.06-10.53.18:844][  0]LogInit: Transaction tracking system initialized
[2017.11.06-10.53.19:820][  0]BlueprintLog: New page: Editor Load
[2017.11.06-10.53.22:248][  0]LocalizationService: Localization service is disabled
[2017.11.06-10.53.24:217][  0]LogConsoleResponse: Display: 
[2017.11.06-10.53.24:490][  0]LogCook: Display: Max memory allowance for cook 16384mb min free memory 0mb
[2017.11.06-10.53.24:490][  0]LogCook: Display: Mobile HDR setting 1
[2017.11.06-10.53.24:490][  0]LogGameplayTags: Display: UGameplayTagsManager::DoneAddingNativeTags. DelegateIsBound: 0
[2017.11.06-10.53.24:840][  0]LogFileCache: Scanning file cache for directory 'D:/git/Content/' took 0.03s
[2017.11.06-10.53.25:680][  0]LogLinker: Warning: Can't find file '/Game/_VFX/FrostCrystalGlow/Meshes/CubeMaterial'
[2017.11.06-10.53.25:681][  0]LogLinker: Warning: Can't find file for asset '/Game/_VFX/FrostCrystalGlow/Meshes/CubeMaterial' while loading ../../../Engine/Content/BasicShapes/Cube.uasset.
[2017.11.06-10.53.25:681][  0]LoadErrors: Error: /Engine/BasicShapes/Cube : Can't find file for asset. /Game/_VFX/FrostCrystalGlow/Meshes/CubeMaterial
[2017.11.06-10.53.25:681][  0]LogLinker: Warning: Can't find file '/Game/_VFX/FrostCrystalGlow/Meshes/CubeMaterial'
[2017.11.06-10.53.25:681][  0]LogLinker: Warning: Can't find file for asset '/Game/_VFX/FrostCrystalGlow/Meshes/CubeMaterial' while loading ../../../Engine/Content/BasicShapes/Cube.uasset.
[2017.11.06-10.53.25:681][  0]LoadErrors: Error: /Engine/BasicShapes/Cube : Can't find file for asset. /Game/_VFX/FrostCrystalGlow/Meshes/CubeMaterial
[2017.11.06-10.53.25:681][  0]LogLinker: Warning: Can't find file '/Game/_VFX/FrostCrystalGlow/Meshes/CubeMaterial'
[2017.11.06-10.53.25:682][  0]LoadErrors: Failed to load /Game/_VFX/FrostCrystalGlow/Meshes/CubeMaterial.CubeMaterial Referenced by Cube
[2017.11.06-10.53.25:682][  0]LogLinker: Warning: Can't find file for asset '/Game/_VFX/FrostCrystalGlow/Meshes/CubeMaterial' while loading NULL.
[2017.11.06-10.53.25:682][  0]LoadErrors: Failed to load /Game/_VFX/FrostCrystalGlow/Meshes/CubeMaterial.CubeMaterial Referenced by Cube
[2017.11.06-10.53.25:682][  0]LogLinker: Warning: Can't find file '/Game/_VFX/FrostCrystalGlow/Meshes/CubeMaterial'
[2017.11.06-10.53.25:682][  0]LoadErrors: Failed to load /Game/_VFX/FrostCrystalGlow/Meshes/CubeMaterial.CubeMaterial Referenced by Cube
[2017.11.06-10.53.25:682][  0]LogLinker: Warning: Can't find file for asset '/Game/_VFX/FrostCrystalGlow/Meshes/CubeMaterial' while loading NULL.
[2017.11.06-10.53.25:682][  0]LoadErrors: Failed to load /Game/_VFX/FrostCrystalGlow/Meshes/CubeMaterial.CubeMaterial Referenced by Cube
[2017.11.06-10.53.27:117][  0]Cmd: MAP LOAD FILE="../../../../../git/Content/GAME/Maps/ThirdPersonExampleMap.umap" TEMPLATE=0 SHOWPROGRESS=1 FEATURELEVEL=3
[2017.11.06-10.53.27:152][  0]LightingResults: New page: Lighting Build
[2017.11.06-10.53.27:273][  0]MapCheck: New page: Map Check
[2017.11.06-10.53.27:273][  0]LightingResults: New page: Lighting Build
[2017.11.06-10.53.29:566][  0]LogAIModule: Creating AISystem for world ThirdPersonExampleMap
[2017.11.06-10.53.29:602][  0]LogEditorServer: Finished looking for orphan Actors (0.000 secs)
[2017.11.06-10.53.29:714][  0]Cmd: MAP CHECKDEP NOCLEARLOG
[2017.11.06-10.53.29:801][  0]MapCheck: Map check complete: 0 Error(s), 0 Warning(s), took 86.82ms to complete.
[2017.11.06-10.53.29:801][  0]LogFileHelpers: Loading map 'ThirdPersonExampleMap' took 2.684
[2017.11.06-10.53.30:018][  0]LogCollectionManager: Loaded 0 collections in 0.002490 seconds
[2017.11.06-10.53.30:216][  0]LogFileCache: Scanning file cache for directory 'D:/git/Saved/Collections/' took 0.01s
[2017.11.06-10.53.30:216][  0]LogFileCache: Scanning file cache for directory 'D:/git/Content/Developers/Peter/Collections/' took 0.01s
[2017.11.06-10.53.30:216][  0]LogFileCache: Scanning file cache for directory 'D:/git/Content/Collections/' took 0.01s
[2017.11.06-10.53.30:216][  0]LogCollectionManager: Rebuilt the GUID cache for 0 collections in 0.000001 seconds
[2017.11.06-10.53.30:234][  0]LogContentBrowser: Native class hierarchy populated in 0.0174 seconds. Added 2386 classes and 500 folders.
[2017.11.06-10.53.30:399][  0]LogContentBrowser: Native class hierarchy updated for 'WidgetCarousel' in 0.0011 seconds. Added 0 classes and 0 folders.
[2017.11.06-10.53.30:484][  0]LogContentBrowser: Native class hierarchy updated for 'AddContentDialog' in 0.0015 seconds. Added 0 classes and 0 folders.
[2017.11.06-10.53.30:626][  0]LogContentBrowser: Native class hierarchy updated for 'SceneOutliner' in 0.0010 seconds. Added 1 classes and 2 folders.
[2017.11.06-10.53.30:721][  0]LogSlate: Took 0.000361 seconds to synchronously load lazily loaded font '../../../Engine/Content/Slate/Fonts/Roboto-Regular.ttf' (155K)
[2017.11.06-10.53.30:723][  0]LogSlate: Took 0.000417 seconds to synchronously load lazily loaded font '../../../Engine/Content/Slate/Fonts/Roboto-Bold.ttf' (160K)
[2017.11.06-10.53.30:729][  0]LogSlate: Took 0.000244 seconds to synchronously load lazily loaded font '../../../Engine/Content/Editor/Slate/Fonts/FontAwesome.ttf' (139K)
[2017.11.06-10.53.30:871][  0]LogRenderer: Reallocating scene render targets to support 300x300 Format 10 NumSamples 1 (Frame:1).
[2017.11.06-10.53.30:919][  0]LogRenderer: Reallocating scene render targets to support 1208x572 Format 10 NumSamples 1 (Frame:1).
[2017.11.06-10.53.31:220][  0]LogContentBrowser: Native class hierarchy updated for 'HierarchicalLODOutliner' in 0.0009 seconds. Added 1 classes and 2 folders.
[2017.11.06-10.53.31:221][  0]LogLoad: (Engine Initialization) Total time: 41.16 seconds
[2017.11.06-10.53.31:221][  0]LogLoad: (Engine Initialization) Total Blueprint compile time: 0.00 seconds
[2017.11.06-10.53.31:221][  0]LogExternalProfiler: Found external profiler: VSPerf
[2017.11.06-10.53.31:221][  0]LogExternalProfiler: Using external profiler: VSPerf
[2017.11.06-10.53.31:592][  0]LogContentStreaming: Texture pool size now 1000 MB
[2017.11.06-10.53.31:686][  0]LogSlate: Took 0.000339 seconds to synchronously load lazily loaded font '../../../Engine/Content/Slate/Fonts/Roboto-Light.ttf' (159K)
[2017.11.06-10.53.32:235][  2]LogAssetRegistry: Asset discovery search completed in 30.0353 seconds
[2017.11.06-10.53.32:237][  2]LogCollectionManager: Rebuilt the object cache for 0 collections in 0.000001 seconds (found 0 objects)
[2017.11.06-10.53.32:237][  2]LogCollectionManager: Fixed up redirectors for 0 collections in 0.000045 seconds (updated 0 objects)
[2017.11.06-10.53.32:571][  3]SourceControl: On branch master
[2017.11.06-10.53.32:571][  3]SourceControl: Your branch is up-to-date with 'origin/master'.
[2017.11.06-10.53.32:571][  3]SourceControl: Changes not staged for commit:
[2017.11.06-10.53.32:571][  3]SourceControl:   (use "git add/rm <file>..." to update what will be committed)
[2017.11.06-10.53.32:571][  3]SourceControl:   (use "git checkout -- <file>..." to discard changes in working directory)
[2017.11.06-10.53.32:571][  3]SourceControl: 	modified:   Intermediate/CachedAssetRegistry.bin
[2017.11.06-10.53.32:571][  3]SourceControl: 	modified:   Saved/Autosaves/PackageRestoreData.json
[2017.11.06-10.53.32:571][  3]SourceControl: 	deleted:    Saved/Config/CrashReportClient/UE4CC-Windows-0C1D8EE14BEA1E6B2DF709921E8891C2/CrashReportClient.ini
[2017.11.06-10.53.32:571][  3]SourceControl: 	deleted:    Saved/Config/CrashReportClient/UE4CC-Windows-0D25690B40E77BEEB30A2CA70EA4899A/CrashReportClient.ini
[2017.11.06-10.53.32:571][  3]SourceControl: 	deleted:    Saved/Config/CrashReportClient/UE4CC-Windows-0E9523B54456DE24401786A48D114193/CrashReportClient.ini
[2017.11.06-10.53.32:571][  3]SourceControl: 	deleted:    Saved/Config/CrashReportClient/UE4CC-Windows-299F35934822BDD986109185096A590A/CrashReportClient.ini
[2017.11.06-10.53.32:571][  3]SourceControl: 	deleted:    Saved/Config/CrashReportClient/UE4CC-Windows-36261D0A49ECF43EF4FA9B937E872405/CrashReportClient.ini
[2017.11.06-10.53.32:571][  3]SourceControl: 	deleted:    Saved/Config/CrashReportClient/UE4CC-Windows-3B3431E242C22DC0A34EFC9685669AE4/CrashReportClient.ini
[2017.11.06-10.53.32:571][  3]SourceControl: 	deleted:    Saved/Config/CrashReportClient/UE4CC-Windows-83BBD2BE4B7E1489177FFAA3A48F0303/CrashReportClient.ini
[2017.11.06-10.53.32:571][  3]SourceControl: 	deleted:    Saved/Config/CrashReportClient/UE4CC-Windows-9B304D6A4F3CF5897517878D5B559B77/CrashReportClient.ini
[2017.11.06-10.53.32:571][  3]SourceControl: 	deleted:    Saved/Config/CrashReportClient/UE4CC-Windows-A69CA6E947C0910D5F3CF6A4148DDA68/CrashReportClient.ini
[2017.11.06-10.53.32:571][  3]SourceControl: 	deleted:    Saved/Config/CrashReportClient/UE4CC-Windows-B25FF1CA4DFAC9EED4847AA6576ED572/CrashReportClient.ini
[2017.11.06-10.53.32:571][  3]SourceControl: 	deleted:    Saved/Config/CrashReportClient/UE4CC-Windows-CA99B87746BE90DA34559BA5CD743DBD/CrashReportClient.ini
[2017.11.06-10.53.32:571][  3]SourceControl: 	deleted:    Saved/Config/CrashReportClient/UE4CC-Windows-CB89FD8144E2673E4FB2F0A766DD15EF/CrashReportClient.ini
[2017.11.06-10.53.32:571][  3]SourceControl: 	deleted:    Saved/Config/CrashReportClient/UE4CC-Windows-DA23700B421CB1FC02671C9F82BFBB6C/CrashReportClient.ini
[2017.11.06-10.53.32:571][  3]SourceControl: 	deleted:    Saved/Config/CrashReportClient/UE4CC-Windows-EAEC1E4940247C9BC7D91086A09CD45D/CrashReportClient.ini
[2017.11.06-10.53.32:572][  3]SourceControl: 	deleted:    Saved/Config/CrashReportClient/UE4CC-Windows-EEA2962446EAD26B88BC7F809D267531/CrashReportClient.ini
[2017.11.06-10.53.32:572][  3]SourceControl: 	deleted:    Saved/Config/CrashReportClient/UE4CC-Windows-FA36FA07465506B62552A2965CF1004E/CrashReportClient.ini
[2017.11.06-10.53.32:572][  3]SourceControl: 	modified:   Saved/Config/Windows/EditorPerProjectUserSettings.ini
[2017.11.06-10.53.32:572][  3]SourceControl: 	deleted:    Saved/Logs/ZOMBZ-backup-2017.10.26-15.53.04.log
[2017.11.06-10.53.32:572][  3]SourceControl: 	deleted:    Saved/Logs/ZOMBZ-backup-2017.10.26-16.07.26.log
[2017.11.06-10.53.32:572][  3]SourceControl: 	deleted:    Saved/Logs/ZOMBZ-backup-2017.10.26-16.14.54.log
[2017.11.06-10.53.32:572][  3]SourceControl: 	modified:   Saved/Logs/ZOMBZ.log
[2017.11.06-10.53.32:572][  3]SourceControl: Untracked files:
[2017.11.06-10.53.32:572][  3]SourceControl:   (use "git add <file>..." to include in what will be committed)
[2017.11.06-10.53.32:572][  3]SourceControl: 	Saved/Config/CrashReportClient/UE4CC-Windows-A4A2ACFB4C0D901706B7C2882F3CA027/
[2017.11.06-10.53.32:572][  3]SourceControl: 	Saved/Config/CrashReportClient/UE4CC-Windows-D53C38BA4348FE06AD4BF6B0B868E37C/
[2017.11.06-10.53.32:572][  3]SourceControl: no changes added to commit (use "git add" and/or "git commit -a")
