Log file open, 10/26/17 16:07:26
LogWindows: LoadLibraryWithSearchPaths failed for file aqProf.dll. GetLastError=0
LogWindows: LoadLibraryWithSearchPaths failed for file VSPerf140.dll. GetLastError=0
LogWindows: LoadLibraryWithSearchPaths failed for file VtuneApi.dll. GetLastError=0
LogWindows: LoadLibraryWithSearchPaths failed for file VtuneApi32e.dll. GetLastError=0
LogInit: Display: Running engine for game: ZOMBZ
LogPlatformFile: Not using cached read wrapper
LogInit: Display: RandInit(440302918) SRandInit(440302918).
LogTaskGraph: Started task graph with 5 named threads and 14 total threads with 3 sets of task threads.
LogStats: Stats thread started at 0.209658
LogD3D11RHI: Aftermath initialized
LogPluginManager: Mounting plugin Paper2D
LogPluginManager: Mounting plugin LightPropagationVolume
LogPluginManager: Mounting plugin CodeLiteSourceCodeAccess
LogPluginManager: Mounting plugin GitSourceControl
LogPluginManager: Mounting plugin KDevelopSourceCodeAccess
LogPluginManager: Mounting plugin NullSourceCodeAccess
LogPluginManager: Mounting plugin PerforceSourceControl
LogPluginManager: Mounting plugin SubversionSourceControl
LogPluginManager: Mounting plugin UObjectPlugin
LogPluginManager: Mounting plugin VisualStudioSourceCodeAccess
LogPluginManager: Mounting plugin XCodeSourceCodeAccess
LogPluginManager: Mounting plugin AssetManagerEditor
LogPluginManager: Mounting plugin AudioCapture
LogPluginManager: Mounting plugin FacialAnimation
LogPluginManager: Mounting plugin GameplayTagsEditor
LogPluginManager: Mounting plugin MobileLauncherProfileWizard
LogPluginManager: Mounting plugin PluginBrowser
LogPluginManager: Mounting plugin SpeedTreeImporter
LogPluginManager: Mounting plugin AlembicImporter
LogPluginManager: Mounting plugin CharacterAI
LogPluginManager: Mounting plugin HTML5Networking
LogPluginManager: Mounting plugin AndroidMedia
LogPluginManager: Mounting plugin AvfMedia
LogPluginManager: Mounting plugin MediaPlayerEditor
LogPluginManager: Mounting plugin WmfMedia
LogPluginManager: Mounting plugin TcpMessaging
LogPluginManager: Mounting plugin UdpMessaging
LogPluginManager: Mounting plugin LevelSequenceEditor
LogPluginManager: Mounting plugin MatineeToLevelSequence
LogPluginManager: Mounting plugin OnlineSubsystemGooglePlay
LogPluginManager: Mounting plugin OnlineSubsystemIOS
LogPluginManager: Mounting plugin OnlineSubsystem
LogPluginManager: Mounting plugin OnlineSubsystemNull
LogPluginManager: Mounting plugin OnlineSubsystemUtils
LogPluginManager: Mounting plugin AndroidDeviceProfileSelector
LogPluginManager: Mounting plugin AndroidMoviePlayer
LogPluginManager: Mounting plugin AndroidPermission
LogPluginManager: Mounting plugin AppleMoviePlayer
LogPluginManager: Mounting plugin ArchVisCharacter
LogPluginManager: Mounting plugin CableComponent
LogPluginManager: Mounting plugin CustomMeshComponent
LogPluginManager: Mounting plugin ExampleDeviceProfileSelector
LogPluginManager: Mounting plugin GoogleCloudMessaging
LogPluginManager: Mounting plugin ImmediatePhysics
LogPluginManager: Mounting plugin IOSDeviceProfileSelector
LogPluginManager: Mounting plugin LinuxDeviceProfileSelector
LogPluginManager: Mounting plugin LocationServicesBPLibrary
LogPluginManager: Mounting plugin MobilePatchingUtils
LogPluginManager: Mounting plugin OculusVR
LogPluginManager: Mounting plugin PhysXVehicles
LogPluginManager: Mounting plugin ProceduralMeshComponent
LogPluginManager: Mounting plugin RuntimePhysXCooking
LogPluginManager: Mounting plugin SteamVR
LogPluginManager: Mounting plugin WindowsMoviePlayer
LogInit: Using libcurl 7.47.1
LogInit:  - built for x86_64-pc-win32
LogInit:  - supports SSL with OpenSSL/1.0.2g
LogInit:  - supports HTTP deflate (compression) using libz 1.2.8
LogInit:  - other features:
LogInit:      CURL_VERSION_SSL
LogInit:      CURL_VERSION_LIBZ
LogInit:      CURL_VERSION_IPV6
LogInit:      CURL_VERSION_ASYNCHDNS
LogInit:      CURL_VERSION_LARGEFILE
LogInit:      CURL_VERSION_IDN
LogInit:  CurlRequestOptions (configurable via config and command line):
LogInit:  - bVerifyPeer = false  - Libcurl will NOT verify peer certificate
LogInit:  - bUseHttpProxy = false  - Libcurl will NOT use HTTP proxy
LogInit:  - bDontReuseConnections = false  - Libcurl will reuse connections
LogInit:  - CertBundlePath = nullptr  - Libcurl will use whatever was configured at build time.
LogInit: Build: ++UE4+Release-4.17-CL-3586342
LogInit: Engine Version: 4.17.1-3586342+++UE4+Release-4.17
LogInit: Compatible Engine Version: 4.17.0-3573198+++UE4+Release-4.17
LogInit: Net CL: 3573198
LogDevObjectVersion: Number of dev versions registered: 16
LogDevObjectVersion:   Dev-Blueprints (B0D832E4-1F89-4F0D-ACCF-7EB736FD4AA2): 10
LogDevObjectVersion:   Dev-Build (E1C64328-A22C-4D53-A36C-8E866417BD8C): 0
LogDevObjectVersion:   Dev-Core (375EC13C-06E4-48FB-B500-84F0262A717E): 2
LogDevObjectVersion:   Dev-Editor (E4B068ED-F494-42E9-A231-DA0B2E46BB41): 20
LogDevObjectVersion:   Dev-Framework (CFFC743F-43B0-4480-9391-14DF171D2073): 28
LogDevObjectVersion:   Dev-Mobile (B02B49B5-BB20-44E9-A304-32B752E40360): 0
LogDevObjectVersion:   Dev-Networking (A4E4105C-59A1-49B5-A7C5-40C4547EDFEE): 0
LogDevObjectVersion:   Dev-Online (39C831C9-5AE6-47DC-9A44-9C173E1C8E7C): 0
LogDevObjectVersion:   Dev-Physics (78F01B33-EBEA-4F98-B9B4-84EACCB95AA2): 0
LogDevObjectVersion:   Dev-Platform (6631380F-2D4D-43E0-8009-CF276956A95A): 0
LogDevObjectVersion:   Dev-Rendering (12F88B9F-8875-4AFC-A67C-D90C383ABD29): 19
LogDevObjectVersion:   Dev-Sequencer (7B5AE74C-D270-4C10-A958-57980B212A5A): 4
LogDevObjectVersion:   Dev-VR (D7296918-1DD6-4BDD-9DE2-64A83CC13884): 0
LogDevObjectVersion:   Dev-LoadTimes (C2A15278-BFE7-4AFE-6C17-90FF531DF755): 1
LogDevObjectVersion:   Private-Geometry (6EACA3D4-40EC-4CC1-B786-8BED09428FC5): 1
LogDevObjectVersion:   Dev-AnimPhys (29E575DD-E0A3-4627-9D10-D276232CDCEA): 7
LogInit: Compiled (64-bit): Aug 15 2017 02:05:26
LogInit: Compiled with Visual C++: 19.00.24215.01
LogInit: Build Configuration: Development
LogInit: Branch Name: ++UE4+Release-4.17
LogInit: Command line:  
LogInit: Base directory: D:/Program Files/Epic Games/UE_4.17/Engine/Binaries/Win64/
LogInit: Installed Engine Build: 1
LogInit: Presizing for max 8388607 objects, including 0 objects not considered by GC, pre-allocating 0 bytes for permanent pool.
LogInit: Object subsystem initialized
[2017.10.26-14.07.28:853][  0]LogInit: Selected Device Profile: [Windows]
[2017.10.26-14.07.28:853][  0]LogInit: Applying CVar settings loaded from the selected device profile: [Windows]
[2017.10.26-14.07.28:901][  0]LogInit: Computer: KRS4-STUD-PC012
[2017.10.26-14.07.28:901][  0]LogInit: User: petermaaseidvaag
[2017.10.26-14.07.28:901][  0]LogInit: CPU Page size=4096, Cores=4
[2017.10.26-14.07.28:901][  0]LogInit: High frequency timer resolution =3.420544 MHz
[2017.10.26-14.07.28:901][  0]LogMemory: Memory total: Physical=16.0GB (16GB approx)
[2017.10.26-14.07.28:901][  0]LogMemory: Platform Memory Stats for Windows
[2017.10.26-14.07.28:901][  0]LogMemory: Process Physical Memory: 278.08 MB used, 278.08 MB peak
[2017.10.26-14.07.28:902][  0]LogMemory: Process Virtual Memory: 274.44 MB used, 274.44 MB peak
[2017.10.26-14.07.28:902][  0]LogMemory: Physical Memory: 6701.52 MB used,  9649.62 MB free, 16351.14 MB total
[2017.10.26-14.07.28:902][  0]LogMemory: Virtual Memory: 669.54 MB used,  9649.62 MB free, 134217728.00 MB total
[2017.10.26-14.07.29:100][  0]LogInit: Using OS detected language (en-US).
[2017.10.26-14.07.29:100][  0]LogInit: Using OS detected locale (en-US).
[2017.10.26-14.07.29:105][  0]LogTextLocalizationManager: No specific localization for 'en-US' exists, so the 'en' localization will be used.
[2017.10.26-14.07.30:023][  0]LogD3D11RHI: D3D11 adapters:
[2017.10.26-14.07.30:074][  0]LogD3D11RHI:    0. 'NVIDIA GeForce GTX 970' (Feature Level 11_0)
[2017.10.26-14.07.30:074][  0]LogD3D11RHI:       4058/0/8175 MB DedicatedVideo/DedicatedSystem/SharedSystem, Outputs:2, VendorId:0x10de
[2017.10.26-14.07.30:078][  0]LogD3D11RHI:    1. 'Microsoft Basic Render Driver' (Feature Level 11_0)
[2017.10.26-14.07.30:078][  0]LogD3D11RHI:       0/0/8175 MB DedicatedVideo/DedicatedSystem/SharedSystem, Outputs:0, VendorId:0x1414
[2017.10.26-14.07.30:078][  0]LogD3D11RHI: Chosen D3D11 Adapter: 0
[2017.10.26-14.07.30:087][  0]LogD3D11RHI: Creating new Direct3DDevice
[2017.10.26-14.07.30:087][  0]LogD3D11RHI:     GPU DeviceId: 0x13c2 (for the marketing name, search the web for "GPU Device Id")
[2017.10.26-14.07.30:087][  0]LogWindows: EnumDisplayDevices:
[2017.10.26-14.07.30:087][  0]LogWindows:    0. 'NVIDIA GeForce GTX 970' (P:0 D:1)
[2017.10.26-14.07.30:088][  0]LogWindows:    1. 'NVIDIA GeForce GTX 970' (P:1 D:1)
[2017.10.26-14.07.30:088][  0]LogWindows:    2. 'NVIDIA GeForce GTX 970' (P:0 D:0)
[2017.10.26-14.07.30:088][  0]LogWindows:    3. 'NVIDIA GeForce GTX 970' (P:0 D:0)
[2017.10.26-14.07.30:088][  0]LogWindows: DebugString: FoundDriverCount:4 
[2017.10.26-14.07.30:088][  0]LogD3D11RHI:     Adapter Name: NVIDIA GeForce GTX 970
[2017.10.26-14.07.30:088][  0]LogD3D11RHI:   Driver Version: 384.94 (internal:22.21.13.8494, unified:384.94)
[2017.10.26-14.07.30:088][  0]LogD3D11RHI:      Driver Date: 7-18-2017
[2017.10.26-14.07.30:088][  0]LogRHI: Texture pool is 1361 MB (70% of 1945 MB)
[2017.10.26-14.07.30:114][  0]LogD3D11RHI: Async texture creation enabled
[2017.10.26-14.07.30:126][  0]LogD3D11RHI: GPU Timing Frequency: 1000.000000 (Debug: 2 1)
[2017.10.26-14.07.30:218][  0]LogShaderCompilers: Guid format shader working directory is 45 characters bigger than the processId version (Z:/bachlorgit/Intermediate/Shaders/WorkingDirectory/4976/).
[2017.10.26-14.07.30:218][  0]LogShaderCompilers: Cleaned the shader compiler working directory 'C:/Users/peter.maaseidvaag/AppData/Local/Temp/UnrealShaderWorkingDir/80D537FC43318A62C6B1D4B618D4C28D/'.
[2017.10.26-14.07.30:218][  0]LogShaderCompilers: Display: Using Local Shader Compiler.
[2017.10.26-14.07.31:432][  0]LogTemp: Display: Loaded TP AllDesktopTargetPlatform
[2017.10.26-14.07.31:519][  0]LogTemp: Display: Loaded TP MacClientTargetPlatform
[2017.10.26-14.07.31:595][  0]LogTemp: Display: Loaded TP MacNoEditorTargetPlatform
[2017.10.26-14.07.31:673][  0]LogTemp: Display: Loaded TP MacServerTargetPlatform
[2017.10.26-14.07.31:748][  0]LogTemp: Display: Loaded TP MacTargetPlatform
[2017.10.26-14.07.31:828][  0]LogTemp: Display: Loaded TP WindowsClientTargetPlatform
[2017.10.26-14.07.31:904][  0]LogTemp: Display: Loaded TP WindowsNoEditorTargetPlatform
[2017.10.26-14.07.31:991][  0]LogTemp: Display: Loaded TP WindowsServerTargetPlatform
[2017.10.26-14.07.32:045][  0]LogTemp: Display: Loaded TP WindowsTargetPlatform
[2017.10.26-14.07.32:126][  0]LogTemp: Display: Loaded TP AndroidTargetPlatform
[2017.10.26-14.07.32:202][  0]LogTemp: Display: Loaded TP Android_ASTCTargetPlatform
[2017.10.26-14.07.32:284][  0]LogTemp: Display: Loaded TP Android_ATCTargetPlatform
[2017.10.26-14.07.32:360][  0]LogTemp: Display: Loaded TP Android_DXTTargetPlatform
[2017.10.26-14.07.32:436][  0]LogTemp: Display: Loaded TP Android_ETC1TargetPlatform
[2017.10.26-14.07.32:515][  0]LogTemp: Display: Loaded TP Android_ETC2TargetPlatform
[2017.10.26-14.07.32:674][  0]LogTemp: Display: Loaded TP Android_MultiTargetPlatform
[2017.10.26-14.07.32:674][  0]LogTemp: Display: Loaded TP Android_PVRTCTargetPlatform
[2017.10.26-14.07.32:720][  0]LogTemp: Display: Loaded TP HTML5TargetPlatform
[2017.10.26-14.07.32:845][  0]LogTemp: Display: Loaded TP IOSTargetPlatform
[2017.10.26-14.07.32:911][  0]LogTemp: Display: Loaded TP TVOSTargetPlatform
[2017.10.26-14.07.32:991][  0]LogTemp: Display: Loaded TP LinuxClientTargetPlatform
[2017.10.26-14.07.33:068][  0]LogTemp: Display: Loaded TP LinuxNoEditorTargetPlatform
[2017.10.26-14.07.33:151][  0]LogTemp: Display: Loaded TP LinuxServerTargetPlatform
[2017.10.26-14.07.33:228][  0]LogTemp: Display: Loaded TP LinuxTargetPlatform
[2017.10.26-14.07.33:228][  0]LogTargetPlatformManager: Display: Building Assets For Windows
[2017.10.26-14.07.33:818][  0]LogDerivedDataCache: Display: Max Cache Size: 512 MB
[2017.10.26-14.07.33:941][  0]LogDerivedDataCache: Loaded boot cache 0.12s 93MB C:/Users/peter.maaseidvaag/AppData/Local/UnrealEngine/4.17/DerivedDataCache/Boot.ddc.
[2017.10.26-14.07.33:941][  0]LogDerivedDataCache: Display: Loaded Boot cache: C:/Users/peter.maaseidvaag/AppData/Local/UnrealEngine/4.17/DerivedDataCache/Boot.ddc
[2017.10.26-14.07.33:947][  0]LogDerivedDataCache: FDerivedDataBackendGraph:  Pak pak cache file Z:/bachlorgit/DerivedDataCache/DDC.ddp not found, will not use a pak cache.
[2017.10.26-14.07.33:947][  0]LogDerivedDataCache: Unable to find inner node Pak for hierarchical cache Hierarchy.
[2017.10.26-14.07.33:957][  0]LogDerivedDataCache: FDerivedDataBackendGraph:  CompressedPak pak cache file Z:/bachlorgit/DerivedDataCache/Compressed.ddp not found, will not use a pak cache.
[2017.10.26-14.07.33:957][  0]LogDerivedDataCache: Unable to find inner node CompressedPak for hierarchical cache Hierarchy.
[2017.10.26-14.07.33:979][  0]LogDerivedDataCache: Display: Pak cache opened for reading ../../../Engine/DerivedDataCache/Compressed.ddp.
[2017.10.26-14.07.33:991][  0]LogDerivedDataCache: Using Local data cache path C:/Users/peter.maaseidvaag/AppData/Local/UnrealEngine/Common/DerivedDataCache: Writable
[2017.10.26-14.07.34:004][  0]LogMaterial: Verifying Global Shaders for PCD3D_SM5
[2017.10.26-14.07.34:004][  0]LogSlate: Using Freetype 2.6.0
[2017.10.26-14.07.34:005][  0]LogSlate: SlateFontCache - WITH_FREETYPE: 1, WITH_HARFBUZZ: 1
[2017.10.26-14.07.34:005][  0]LogSlate: SlateFontCache - WITH_FREETYPE: 1, WITH_HARFBUZZ: 1
[2017.10.26-14.07.34:362][  0]LogAssetRegistry: FAssetRegistry took 0.0263 seconds to start up
[2017.10.26-14.07.34:639][  0]LogInit: Selected Device Profile: [Windows]
[2017.10.26-14.07.35:398][  0]LogSimplygon: Simplygon DLL not present - disabling.
[2017.10.26-14.07.35:455][  0]LogMeshReduction: Using SimplygonSwarm for distributed automatic mesh merging
[2017.10.26-14.07.35:455][  0]LogMeshReduction: Using QuadricMeshReduction for automatic static mesh reduction
[2017.10.26-14.07.35:455][  0]LogMeshReduction: No automatic skeletal mesh reduction module available
[2017.10.26-14.07.35:455][  0]LogMeshReduction: No automatic mesh merging module available
[2017.10.26-14.07.35:455][  0]LogMeshMerging: No automatic mesh merging module available
[2017.10.26-14.07.35:456][  0]LogContentStreaming: Texture pool size is 0.00 MB
[2017.10.26-14.07.36:073][  0]LogNetVersion: ZOMBZ , NetCL: 3573198, EngineNetVer: 2, GameNetVer: 0 (Checksum: 1306740352)
[2017.10.26-14.07.37:019][  0]LogPackageLocalizationCache: Processed 5 localized package path(s) for 2 prioritized culture(s) in 0.720421 seconds
[2017.10.26-14.07.37:029][  0]LogUObjectArray: 35825 objects as part of root set at end of initial load.
[2017.10.26-14.07.37:029][  0]LogUObjectAllocator: 7529104 out of 0 bytes used by permanent object pool.
[2017.10.26-14.07.37:029][  0]LogUObjectArray: CloseDisregardForGC: 0/0 objects in disregard for GC pool
[2017.10.26-14.07.37:108][  0]LogInit: WinSock: version 1.1 (2.2), MaxSocks=32767, MaxUdp=65467
[2017.10.26-14.07.40:728][  0]LogTcpMessaging: Initializing TcpMessaging bridge
[2017.10.26-14.07.40:776][  0]LogUdpMessaging: Initializing bridge on interface 0.0.0.0:0 to multicast group 230.0.0.1:6666.
[2017.10.26-14.07.40:778][  0]LogDirectoryWatcher: A directory notification failed for 'Z:/bachlorgit/Content/' because it was empty or there was a buffer overflow. Attemping another request...
[2017.10.26-14.07.40:780][  0]LogDirectoryWatcher: A directory notification failed for 'Z:/bachlorgit/Content/' because it was empty or there was a buffer overflow. Attemping another request...
[2017.10.26-14.07.40:782][  0]LogDirectoryWatcher: A directory notification failed for 'Z:/bachlorgit/Content/', and we were unable to create a new request.
[2017.10.26-14.07.41:576][  0]LogMaterial: Uniform references updated for custom material expression Custom.
[2017.10.26-14.07.42:084][  0]SourceControl: Source control is disabled
[2017.10.26-14.07.54:471][  0]LogAndroidPermission: UAndroidPermissionCallbackProxy::GetInstance
[2017.10.26-14.07.54:742][  0]LogOcInput: OculusInput pre-init called
[2017.10.26-14.07.55:026][  0]LogEngine: Initializing Engine...
[2017.10.26-14.07.55:028][  0]LogHMD: Failed to initialize OpenVR with code 110
[2017.10.26-14.07.55:311][  0]LogStats: UGameplayTagsManager::ConstructGameplayTagTree: Construct from data asset -  0.000 s
[2017.10.26-14.07.55:311][  0]LogStats: UGameplayTagsManager::ConstructGameplayTagTree: GameplayTagTreeChangedEvent.Broadcast -  0.000 s
[2017.10.26-14.07.55:469][  0]LogAIModule: Creating AISystem for world Untitled
[2017.10.26-14.07.55:477][  0]LogInit: XAudio2 using 'Digital Audio (S/PDIF) (High Definition Audio Device)' : 2 channels at 44.1 kHz using 16 bits per sample (channel mask 0x3)
[2017.10.26-14.07.55:491][  0]LogInit: FAudioDevice initialized.
[2017.10.26-14.07.55:578][  0]LogDerivedDataCache: Saved boot cache 0.09s 93MB C:/Users/peter.maaseidvaag/AppData/Local/UnrealEngine/4.17/DerivedDataCache/Boot.ddc.
[2017.10.26-14.07.55:602][  0]LogInit: Texture streaming: Enabled
[2017.10.26-14.07.55:735][  0]LogEngineSessionManager: EngineSessionManager initialized
[2017.10.26-14.07.55:992][  0]LogInit: Transaction tracking system initialized
[2017.10.26-14.07.56:341][  0]BlueprintLog: New page: Editor Load
[2017.10.26-14.07.57:403][  0]LocalizationService: Localization service is disabled
[2017.10.26-14.07.58:216][  0]LogConsoleResponse: Display: 
[2017.10.26-14.07.58:416][  0]LogCook: Display: Max memory allowance for cook 16384mb min free memory 0mb
[2017.10.26-14.07.58:416][  0]LogCook: Display: Mobile HDR setting 1
[2017.10.26-14.07.58:416][  0]LogGameplayTags: Display: UGameplayTagsManager::DoneAddingNativeTags. DelegateIsBound: 0
[2017.10.26-14.07.59:583][  0]LogFileCache: Scanning file cache for directory 'Z:/bachlorgit/Content/' took 0.26s
[2017.10.26-14.07.59:636][  0]Cmd: MAP LOAD FILE="Z:/bachlorgit/Content/GAME/Maps/MainMenu.umap" TEMPLATE=0 SHOWPROGRESS=1 FEATURELEVEL=3
[2017.10.26-14.07.59:640][  0]LightingResults: New page: Lighting Build
[2017.10.26-14.07.59:685][  0]MapCheck: New page: Map Check
[2017.10.26-14.07.59:685][  0]LightingResults: New page: Lighting Build
[2017.10.26-14.08.01:647][  0]LogAIModule: Creating AISystem for world MainMenu
[2017.10.26-14.08.01:649][  0]LogEditorServer: Finished looking for orphan Actors (0.000 secs)
[2017.10.26-14.08.01:660][  0]Cmd: MAP CHECKDEP NOCLEARLOG
[2017.10.26-14.08.01:747][  0]MapCheck: Map check complete: 0 Error(s), 0 Warning(s), took 87.174ms to complete.
[2017.10.26-14.08.01:747][  0]LogFileHelpers: Loading map 'MainMenu' took 2.112
[2017.10.26-14.08.01:820][  0]LogWindowsTextInputMethodSystem: Display: IME system now deactivated.
[2017.10.26-14.08.01:944][  0]LogCollectionManager: Loaded 0 collections in 0.008275 seconds
[2017.10.26-14.08.02:046][  0]LogFileCache: Scanning file cache for directory 'Z:/bachlorgit/Saved/Collections/' took 0.01s
[2017.10.26-14.08.02:046][  0]LogFileCache: Scanning file cache for directory 'Z:/bachlorgit/Content/Developers/petermaaseidvaag/Collections/' took 0.01s
[2017.10.26-14.08.02:046][  0]LogFileCache: Scanning file cache for directory 'Z:/bachlorgit/Content/Collections/' took 0.01s
[2017.10.26-14.08.02:046][  0]LogCollectionManager: Rebuilt the GUID cache for 0 collections in 0.000001 seconds
[2017.10.26-14.08.02:060][  0]LogContentBrowser: Native class hierarchy populated in 0.0134 seconds. Added 2386 classes and 500 folders.
[2017.10.26-14.08.02:145][  0]LogContentBrowser: Native class hierarchy updated for 'WidgetCarousel' in 0.0009 seconds. Added 0 classes and 0 folders.
[2017.10.26-14.08.02:211][  0]LogContentBrowser: Native class hierarchy updated for 'AddContentDialog' in 0.0014 seconds. Added 0 classes and 0 folders.
[2017.10.26-14.08.02:271][  0]LogContentBrowser: Native class hierarchy updated for 'SceneOutliner' in 0.0015 seconds. Added 1 classes and 2 folders.
[2017.10.26-14.08.02:303][  0]LogSlate: Took 0.000377 seconds to synchronously load lazily loaded font '../../../Engine/Content/Slate/Fonts/Roboto-Regular.ttf' (155K)
[2017.10.26-14.08.02:306][  0]LogSlate: Took 0.000443 seconds to synchronously load lazily loaded font '../../../Engine/Content/Slate/Fonts/Roboto-Bold.ttf' (160K)
[2017.10.26-14.08.02:315][  0]LogSlate: Took 0.000366 seconds to synchronously load lazily loaded font '../../../Engine/Content/Editor/Slate/Fonts/FontAwesome.ttf' (139K)
[2017.10.26-14.08.02:483][  0]LogRenderer: Reallocating scene render targets to support 1208x576 Format 10 NumSamples 1 (Frame:1).
[2017.10.26-14.08.02:698][  0]LogContentBrowser: Native class hierarchy updated for 'HierarchicalLODOutliner' in 0.0014 seconds. Added 1 classes and 2 folders.
[2017.10.26-14.08.02:699][  0]LogLoad: (Engine Initialization) Total time: 38.75 seconds
[2017.10.26-14.08.02:699][  0]LogLoad: (Engine Initialization) Total Blueprint compile time: 0.00 seconds
[2017.10.26-14.08.02:699][  0]LogExternalProfiler: No external profilers were discovered.  External profiling features will not be available.
[2017.10.26-14.08.02:727][  0]LogDirectoryWatcher: A directory notification failed for 'Z:/bachlorgit/Saved/Collections/' because it was empty or there was a buffer overflow. Attemping another request...
[2017.10.26-14.08.02:727][  0]LogDirectoryWatcher: A directory notification failed for 'Z:/bachlorgit/Content/Developers/petermaaseidvaag/Collections/' because it was empty or there was a buffer overflow. Attemping another request...
[2017.10.26-14.08.02:727][  0]LogDirectoryWatcher: A directory notification failed for 'Z:/bachlorgit/Content/Collections/' because it was empty or there was a buffer overflow. Attemping another request...
[2017.10.26-14.08.02:728][  0]LogContentStreaming: Texture pool size now 1000 MB
[2017.10.26-14.08.02:795][  1]LogDirectoryWatcher: A directory notification failed for 'Z:/bachlorgit/Saved/Collections/' because it was empty or there was a buffer overflow. Attemping another request...
[2017.10.26-14.08.02:795][  1]LogDirectoryWatcher: A directory notification failed for 'Z:/bachlorgit/Saved/Collections/', and we were unable to create a new request.
[2017.10.26-14.08.02:795][  1]LogDirectoryWatcher: A directory notification failed for 'Z:/bachlorgit/Content/Developers/petermaaseidvaag/Collections/' because it was empty or there was a buffer overflow. Attemping another request...
[2017.10.26-14.08.02:796][  1]LogDirectoryWatcher: A directory notification failed for 'Z:/bachlorgit/Content/Developers/petermaaseidvaag/Collections/', and we were unable to create a new request.
[2017.10.26-14.08.02:796][  1]LogDirectoryWatcher: A directory notification failed for 'Z:/bachlorgit/Content/Collections/' because it was empty or there was a buffer overflow. Attemping another request...
[2017.10.26-14.08.02:797][  1]LogDirectoryWatcher: A directory notification failed for 'Z:/bachlorgit/Content/Collections/', and we were unable to create a new request.
[2017.10.26-14.08.02:870][  2]LogAssetRegistry: Asset discovery search completed in 28.5294 seconds
[2017.10.26-14.08.02:872][  2]LogCollectionManager: Rebuilt the object cache for 0 collections in 0.000001 seconds (found 0 objects)
[2017.10.26-14.08.02:872][  2]LogCollectionManager: Fixed up redirectors for 0 collections in 0.000073 seconds (updated 0 objects)
[2017.10.26-14.08.03:751][ 95]LogSlate: Took 0.000490 seconds to synchronously load lazily loaded font '../../../Engine/Content/Slate/Fonts/Roboto-Light.ttf' (159K)
[2017.10.26-14.08.06:758][434]LogSlate: Took 0.000387 seconds to synchronously load lazily loaded font '../../../Engine/Content/Slate/Fonts/Roboto-Light.ttf' (159K)
[2017.10.26-14.08.12:908][ 97]SourceControl: On branch master
[2017.10.26-14.08.12:908][ 97]SourceControl: Your branch is up-to-date with 'origin/master'.
[2017.10.26-14.08.12:908][ 97]SourceControl: Changes not staged for commit:
[2017.10.26-14.08.12:908][ 97]SourceControl:   (use "git add <file>..." to update what will be committed)
[2017.10.26-14.08.12:908][ 97]SourceControl:   (use "git checkout -- <file>..." to discard changes in working directory)
[2017.10.26-14.08.12:908][ 97]SourceControl: 	modified:   Intermediate/CachedAssetRegistry.bin
[2017.10.26-14.08.12:908][ 97]SourceControl: 	modified:   Saved/Config/Windows/Editor.ini
[2017.10.26-14.08.12:908][ 97]SourceControl: 	modified:   Saved/Config/Windows/EditorPerProjectUserSettings.ini
[2017.10.26-14.08.12:909][ 97]SourceControl: 	modified:   Saved/Config/Windows/Engine.ini
[2017.10.26-14.08.12:909][ 97]SourceControl: 	modified:   Saved/Logs/ZOMBZ.log
[2017.10.26-14.08.12:909][ 97]SourceControl: Untracked files:
[2017.10.26-14.08.12:909][ 97]SourceControl:   (use "git add <file>..." to include in what will be committed)
[2017.10.26-14.08.12:909][ 97]SourceControl: 	Saved/Config/CrashReportClient/UE4CC-Windows-CB89FD8144E2673E4FB2F0A766DD15EF/
[2017.10.26-14.08.12:909][ 97]SourceControl: 	Saved/Logs/ZOMBZ-backup-2017.10.26-16.07.26.log
[2017.10.26-14.08.12:909][ 97]SourceControl: It took 2.47 seconds to enumerate untracked files. 'status -uno'
[2017.10.26-14.08.12:909][ 97]SourceControl: may speed it up, but you have to be careful not to forget to add
[2017.10.26-14.08.12:909][ 97]SourceControl: new files yourself (see 'git help status').
[2017.10.26-14.08.12:909][ 97]SourceControl: no changes added to commit (use "git add" and/or "git commit -a")
[2017.10.26-14.08.35:584][705]LogSlate: Took 0.000309 seconds to synchronously load lazily loaded font '../../../Engine/Content/Slate/Fonts/Roboto-Light.ttf' (159K)
[2017.10.26-14.08.35:673][705]LogContentBrowser: Native class hierarchy updated for 'MaterialEditor' in 0.0022 seconds. Added 1 classes and 0 folders.
[2017.10.26-14.08.35:676][705]LogMaterial: Missing cached shader map for material Material__25, compiling. 
[2017.10.26-14.08.35:846][705]LogMaterial: Missing cached shader map for material Material__25, compiling. 
[2017.10.26-14.08.35:873][705]LogMaterial: Missing cached shader map for material Material__25, compiling. 
[2017.10.26-14.08.35:928][705]LogMaterial: Missing cached shader map for material FMatExpressionPreview MaterialExpressionTextureSample_0, compiling. 
[2017.10.26-14.08.35:935][705]LogMaterial: Missing cached shader map for material FMatExpressionPreview MaterialExpressionTextureSample_4, compiling. 
[2017.10.26-14.08.35:942][705]LogMaterial: Missing cached shader map for material FMatExpressionPreview MaterialExpressionTextureSample_2, compiling. 
[2017.10.26-14.08.35:948][705]LogMaterial: Missing cached shader map for material FMatExpressionPreview MaterialExpressionTextureSample_3, compiling. 
[2017.10.26-14.08.35:955][705]LogMaterial: Missing cached shader map for material FMatExpressionPreview MaterialExpressionTextureSample_5, compiling. 
[2017.10.26-14.08.35:969][705]LogSlate: Took 0.000360 seconds to synchronously load lazily loaded font '../../../Engine/Content/Editor/Slate/Fonts/Roboto-BoldCondensed.ttf' (158K)
[2017.10.26-14.08.38:888][825]LogMaterialEditor: Saving and Compiling material Material__25
[2017.10.26-14.08.41:441][825]Cmd: OBJ SAVEPACKAGE PACKAGE="/Game/GAME/Assets/Foliage/Bush/Bush_1/Material__25" FILE="Z:/bachlorgit/Content/GAME/Assets/Foliage/Bush/Bush_1/Material__25.uasset" SILENT=true
[2017.10.26-14.08.41:620][825]LogSavePackage: Save=79.21ms
[2017.10.26-14.08.41:620][825]LogSavePackage: Moving 'Z:/bachlorgit/Saved/Material__258DC54E57474A4352962EDA9E7AA697EF.tmp' to 'Z:/bachlorgit/Content/GAME/Assets/Foliage/Bush/Bush_1/Material__25.uasset'
[2017.10.26-14.08.41:666][825]LogSavePackage: Display: Finished SavePackage Z:/bachlorgit/Content/GAME/Assets/Foliage/Bush/Bush_1/Material__25.uasset
[2017.10.26-14.08.41:669][825]MaterialEditorStats: Base pass shader: 106 instructions
[2017.10.26-14.08.41:669][825]MaterialEditorStats: Vertex shader: 31 instructions
[2017.10.26-14.08.41:669][825]MaterialEditorStats: Texture samplers: 6/16
[2017.10.26-14.08.41:669][825]MaterialEditorStats: User interpolators: 2/4 Scalars (1/4 Vectors) (TexCoords: 2, Custom: 0)
[2017.10.26-14.08.52:738][358]LogAIModule: Creating AISystem for world ThirdPersonExampleMap
[2017.10.26-14.08.52:781][358]Cmd: MAP LOAD FILE="Z:/bachlorgit/Content/GAME/Maps/ThirdPersonExampleMap.umap" TEMPLATE=0 SHOWPROGRESS=1 FEATURELEVEL=3
[2017.10.26-14.08.52:781][358]LightingResults: New page: Lighting Build
[2017.10.26-14.08.52:782][358]LoadErrors: New page: Loading map: ThirdPersonExampleMap.umap
[2017.10.26-14.08.52:783][358]MapCheck: New page: Map Check
[2017.10.26-14.08.52:783][358]LightingResults: New page: Lighting Build
[2017.10.26-14.08.52:803][358]LogEditorServer: Finished looking for orphan Actors (0.000 secs)
[2017.10.26-14.08.53:250][358]Cmd: MAP CHECKDEP NOCLEARLOG
[2017.10.26-14.08.53:478][358]MapCheck: Map check complete: 0 Error(s), 0 Warning(s), took 227.672ms to complete.
[2017.10.26-14.08.53:479][358]LogFileHelpers: Loading map 'ThirdPersonExampleMap' took 0.699
[2017.10.26-14.08.53:488][358]LogSlate: Took 0.000314 seconds to synchronously load lazily loaded font '../../../Engine/Content/Slate/Fonts/Roboto-Regular.ttf' (155K)
[2017.10.26-14.08.59:508][728]LogActorFactory: Actor Factory created bush3
[2017.10.26-14.09.00:141][753]LogActorFactory: Actor Factory created bush3
[2017.10.26-14.09.04:128][919]Cmd: DELETE
[2017.10.26-14.09.04:128][919]Cmd: ACTOR DELETE
[2017.10.26-14.09.04:155][919]LogEditorActor: Deleted Actor: StaticMeshActor
[2017.10.26-14.09.04:165][919]LogEditorActor: Deleted 1 Actors (0.036 secs)
[2017.10.26-14.09.13:249][350]LogTemp: Executing iPhonePackager certificates Engine -bundlename com.YourCompany.ZOMBZ
[2017.10.26-14.09.13:249][350]LogTemp: CWD: D:\Program Files\Epic Games\UE_4.17\Engine\Binaries\DotNET\IOS
[2017.10.26-14.09.13:249][350]LogTemp: Initial Dir: D:\Program Files\Epic Games\UE_4.17
[2017.10.26-14.09.13:249][350]LogTemp: Env CWD: D:\Program Files\Epic Games\UE_4.17\Engine\Binaries\DotNET\IOS
[2017.10.26-14.09.13:249][350]LogTemp: BranchPath = KRS4-STUD-PC012/D/Program Files/Epic Games/UE_4.17/Engine/Binaries --- GameBranchPath = KRS4-STUD-PC012/D/Program Files/Epic Games/UE_4.17/Engine/Binaries
[2017.10.26-14.09.13:249][350]LogTemp: IPP ERROR: Could not find provision directory 'C:\Users\peter.maaseidvaag\AppData\Local/Apple Computer/MobileDevice/Provisioning Profiles/'.
[2017.10.26-14.09.17:949][547]LogLinker: Warning: Can't find file '/Game/ThirdPersonBP/Blueprints/ThirdPersonGameMode'
[2017.10.26-14.09.17:950][547]LogLinker: Warning: Can't find file '/Game/ThirdPersonBP/Blueprints/ThirdPersonGameMode'
[2017.10.26-14.09.17:950][547]LogUObjectGlobals: Warning: Failed to find object 'Class /Game/ThirdPersonBP/Blueprints/ThirdPersonGameMode.ThirdPersonGameMode_C'
[2017.10.26-14.09.28:053][922]LogTemp: Repeating last play command: Selected Viewport
[2017.10.26-14.09.29:017][922]LogBlueprintUserMessages: Early PlayInEditor Detection: Level '/Game/GAME/Maps/ThirdPersonExampleMap.ThirdPersonExampleMap:PersistentLevel' has LevelScriptBlueprint '/Game/GAME/Maps/ThirdPersonExampleMap.ThirdPersonExampleMap:PersistentLevel.ThirdPersonExampleMap' with GeneratedClass '/Game/GAME/Maps/ThirdPersonExampleMap.ThirdPersonExampleMap_C' with ClassGeneratedBy '/Game/GAME/Maps/ThirdPersonExampleMap.ThirdPersonExampleMap:PersistentLevel.ThirdPersonExampleMap'
[2017.10.26-14.09.29:017][922]LogPlayLevel: PlayLevel: No blueprints needed recompiling
[2017.10.26-14.09.29:018][922]PIE: New page: PIE session: ThirdPersonExampleMap (Oct 26, 2017, 6:09:29 PM)
[2017.10.26-14.09.29:018][922]LogPlayLevel: Creating play world package: /Game/GAME/Maps/UEDPIE_0_ThirdPersonExampleMap
[2017.10.26-14.09.29:058][922]LogPlayLevel: PIE: StaticDuplicateObject took: (0.040140s)
[2017.10.26-14.09.29:059][922]LogAIModule: Creating AISystem for world ThirdPersonExampleMap
[2017.10.26-14.09.29:059][922]LogPlayLevel: PIE: World Init took: (0.001227s)
[2017.10.26-14.09.29:059][922]LogPlayLevel: PIE: Created PIE world by copying editor world from /Game/GAME/Maps/ThirdPersonExampleMap.ThirdPersonExampleMap to /Game/GAME/Maps/UEDPIE_0_ThirdPersonExampleMap.ThirdPersonExampleMap (0.041826s)
[2017.10.26-14.09.29:083][922]LogInit: XAudio2 using 'Digital Audio (S/PDIF) (High Definition Audio Device)' : 2 channels at 44.1 kHz using 16 bits per sample (channel mask 0x3)
[2017.10.26-14.09.29:108][922]LogInit: FAudioDevice initialized.
[2017.10.26-14.09.29:160][922]LogLoad: Game class is 'GameMode'
[2017.10.26-14.09.29:167][922]LogWorld: Bringing World /Game/GAME/Maps/UEDPIE_0_ThirdPersonExampleMap.ThirdPersonExampleMap up for play (max tick rate 0) at 2017.10.26-16.09.29
[2017.10.26-14.09.29:175][922]LogWorld: Bringing up level for play took: 0.013638
[2017.10.26-14.09.29:292][922]LogContentBrowser: Native class hierarchy updated for 'MovieSceneCapture' in 0.0024 seconds. Added 11 classes and 0 folders.
[2017.10.26-14.09.29:292][922]LogGameMode: Display: Match State Changed from EnteringMap to WaitingToStart
[2017.10.26-14.09.29:292][922]LogGameState: Match State Changed from EnteringMap to WaitingToStart
[2017.10.26-14.09.29:292][922]LogGameMode: Display: Match State Changed from WaitingToStart to InProgress
[2017.10.26-14.09.29:294][922]LogGameState: Match State Changed from WaitingToStart to InProgress
[2017.10.26-14.09.29:294][922]PIE: Play in editor start time for /Game/GAME/Maps/UEDPIE_0_ThirdPersonExampleMap 0.37
[2017.10.26-14.09.29:294][922]LogBlueprintUserMessages: Late PlayInEditor Detection: Level '/Game/GAME/Maps/ThirdPersonExampleMap.ThirdPersonExampleMap:PersistentLevel' has LevelScriptBlueprint '/Game/GAME/Maps/ThirdPersonExampleMap.ThirdPersonExampleMap:PersistentLevel.ThirdPersonExampleMap' with GeneratedClass '/Game/GAME/Maps/ThirdPersonExampleMap.ThirdPersonExampleMap_C' with ClassGeneratedBy '/Game/GAME/Maps/ThirdPersonExampleMap.ThirdPersonExampleMap:PersistentLevel.ThirdPersonExampleMap'
[2017.10.26-14.09.29:414][923]SourceControl: Error: fatal: Invalid path '/Script': No such file or directory
[2017.10.26-14.10.15:153][768]LogBlueprintUserMessages: Early EndPlayMap Detection: Level '/Game/GAME/Maps/ThirdPersonExampleMap.ThirdPersonExampleMap:PersistentLevel' has LevelScriptBlueprint '/Game/GAME/Maps/ThirdPersonExampleMap.ThirdPersonExampleMap:PersistentLevel.ThirdPersonExampleMap' with GeneratedClass '/Game/GAME/Maps/ThirdPersonExampleMap.ThirdPersonExampleMap_C' with ClassGeneratedBy '/Game/GAME/Maps/ThirdPersonExampleMap.ThirdPersonExampleMap:PersistentLevel.ThirdPersonExampleMap'
[2017.10.26-14.10.15:188][768]LogBlueprintUserMessages: Late EndPlayMap Detection: Level '/Game/GAME/Maps/ThirdPersonExampleMap.ThirdPersonExampleMap:PersistentLevel' has LevelScriptBlueprint '/Game/GAME/Maps/ThirdPersonExampleMap.ThirdPersonExampleMap:PersistentLevel.ThirdPersonExampleMap' with GeneratedClass '/Game/GAME/Maps/ThirdPersonExampleMap.ThirdPersonExampleMap_C' with ClassGeneratedBy '/Game/GAME/Maps/ThirdPersonExampleMap.ThirdPersonExampleMap:PersistentLevel.ThirdPersonExampleMap'
[2017.10.26-14.10.16:153][824]LogTemp: Repeating last play command: Selected Viewport
[2017.10.26-14.10.16:188][824]LogBlueprintUserMessages: Early PlayInEditor Detection: Level '/Game/GAME/Maps/ThirdPersonExampleMap.ThirdPersonExampleMap:PersistentLevel' has LevelScriptBlueprint '/Game/GAME/Maps/ThirdPersonExampleMap.ThirdPersonExampleMap:PersistentLevel.ThirdPersonExampleMap' with GeneratedClass '/Game/GAME/Maps/ThirdPersonExampleMap.ThirdPersonExampleMap_C' with ClassGeneratedBy '/Game/GAME/Maps/ThirdPersonExampleMap.ThirdPersonExampleMap:PersistentLevel.ThirdPersonExampleMap'
[2017.10.26-14.10.16:188][824]LogPlayLevel: PlayLevel: No blueprints needed recompiling
[2017.10.26-14.10.16:188][824]PIE: New page: PIE session: ThirdPersonExampleMap (Oct 26, 2017, 6:10:16 PM)
[2017.10.26-14.10.16:188][824]LogPlayLevel: Creating play world package: /Game/GAME/Maps/UEDPIE_0_ThirdPersonExampleMap
[2017.10.26-14.10.16:216][824]LogPlayLevel: PIE: StaticDuplicateObject took: (0.028077s)
[2017.10.26-14.10.16:217][824]LogAIModule: Creating AISystem for world ThirdPersonExampleMap
[2017.10.26-14.10.16:218][824]LogPlayLevel: PIE: World Init took: (0.001441s)
[2017.10.26-14.10.16:218][824]LogPlayLevel: PIE: Created PIE world by copying editor world from /Game/GAME/Maps/ThirdPersonExampleMap.ThirdPersonExampleMap to /Game/GAME/Maps/UEDPIE_0_ThirdPersonExampleMap.ThirdPersonExampleMap (0.029922s)
[2017.10.26-14.10.16:241][824]LogInit: XAudio2 using 'Digital Audio (S/PDIF) (High Definition Audio Device)' : 2 channels at 44.1 kHz using 16 bits per sample (channel mask 0x3)
[2017.10.26-14.10.16:249][824]LogInit: FAudioDevice initialized.
[2017.10.26-14.10.16:287][824]LogLoad: Game class is 'GameMode'
[2017.10.26-14.10.16:292][824]LogWorld: Bringing World /Game/GAME/Maps/UEDPIE_0_ThirdPersonExampleMap.ThirdPersonExampleMap up for play (max tick rate 0) at 2017.10.26-16.10.16
[2017.10.26-14.10.16:293][824]LogWorld: Bringing up level for play took: 0.004598
[2017.10.26-14.10.16:294][824]LogGameMode: Display: Match State Changed from EnteringMap to WaitingToStart
[2017.10.26-14.10.16:294][824]LogGameState: Match State Changed from EnteringMap to WaitingToStart
[2017.10.26-14.10.16:294][824]LogGameMode: Display: Match State Changed from WaitingToStart to InProgress
[2017.10.26-14.10.16:295][824]LogGameState: Match State Changed from WaitingToStart to InProgress
[2017.10.26-14.10.16:296][824]PIE: Play in editor start time for /Game/GAME/Maps/UEDPIE_0_ThirdPersonExampleMap -0.629
[2017.10.26-14.10.16:296][824]LogBlueprintUserMessages: Late PlayInEditor Detection: Level '/Game/GAME/Maps/ThirdPersonExampleMap.ThirdPersonExampleMap:PersistentLevel' has LevelScriptBlueprint '/Game/GAME/Maps/ThirdPersonExampleMap.ThirdPersonExampleMap:PersistentLevel.ThirdPersonExampleMap' with GeneratedClass '/Game/GAME/Maps/ThirdPersonExampleMap.ThirdPersonExampleMap_C' with ClassGeneratedBy '/Game/GAME/Maps/ThirdPersonExampleMap.ThirdPersonExampleMap:PersistentLevel.ThirdPersonExampleMap'
[2017.10.26-14.10.38:720][208]LogBlueprintUserMessages: Early EndPlayMap Detection: Level '/Game/GAME/Maps/ThirdPersonExampleMap.ThirdPersonExampleMap:PersistentLevel' has LevelScriptBlueprint '/Game/GAME/Maps/ThirdPersonExampleMap.ThirdPersonExampleMap:PersistentLevel.ThirdPersonExampleMap' with GeneratedClass '/Game/GAME/Maps/ThirdPersonExampleMap.ThirdPersonExampleMap_C' with ClassGeneratedBy '/Game/GAME/Maps/ThirdPersonExampleMap.ThirdPersonExampleMap:PersistentLevel.ThirdPersonExampleMap'
[2017.10.26-14.10.38:757][208]LogBlueprintUserMessages: Late EndPlayMap Detection: Level '/Game/GAME/Maps/ThirdPersonExampleMap.ThirdPersonExampleMap:PersistentLevel' has LevelScriptBlueprint '/Game/GAME/Maps/ThirdPersonExampleMap.ThirdPersonExampleMap:PersistentLevel.ThirdPersonExampleMap' with GeneratedClass '/Game/GAME/Maps/ThirdPersonExampleMap.ThirdPersonExampleMap_C' with ClassGeneratedBy '/Game/GAME/Maps/ThirdPersonExampleMap.ThirdPersonExampleMap:PersistentLevel.ThirdPersonExampleMap'
[2017.10.26-14.10.40:293][300]LogTemp: Repeating last play command: Selected Viewport
[2017.10.26-14.10.40:344][300]LogBlueprintUserMessages: Early PlayInEditor Detection: Level '/Game/GAME/Maps/ThirdPersonExampleMap.ThirdPersonExampleMap:PersistentLevel' has LevelScriptBlueprint '/Game/GAME/Maps/ThirdPersonExampleMap.ThirdPersonExampleMap:PersistentLevel.ThirdPersonExampleMap' with GeneratedClass '/Game/GAME/Maps/ThirdPersonExampleMap.ThirdPersonExampleMap_C' with ClassGeneratedBy '/Game/GAME/Maps/ThirdPersonExampleMap.ThirdPersonExampleMap:PersistentLevel.ThirdPersonExampleMap'
[2017.10.26-14.10.40:344][300]LogPlayLevel: PlayLevel: No blueprints needed recompiling
[2017.10.26-14.10.40:344][300]PIE: New page: PIE session: ThirdPersonExampleMap (Oct 26, 2017, 6:10:40 PM)
[2017.10.26-14.10.40:344][300]LogPlayLevel: Creating play world package: /Game/GAME/Maps/UEDPIE_0_ThirdPersonExampleMap
[2017.10.26-14.10.40:370][300]LogPlayLevel: PIE: StaticDuplicateObject took: (0.025619s)
[2017.10.26-14.10.40:371][300]LogAIModule: Creating AISystem for world ThirdPersonExampleMap
[2017.10.26-14.10.40:371][300]LogPlayLevel: PIE: World Init took: (0.001442s)
[2017.10.26-14.10.40:371][300]LogPlayLevel: PIE: Created PIE world by copying editor world from /Game/GAME/Maps/ThirdPersonExampleMap.ThirdPersonExampleMap to /Game/GAME/Maps/UEDPIE_0_ThirdPersonExampleMap.ThirdPersonExampleMap (0.027550s)
[2017.10.26-14.10.40:393][300]LogInit: XAudio2 using 'Digital Audio (S/PDIF) (High Definition Audio Device)' : 2 channels at 44.1 kHz using 16 bits per sample (channel mask 0x3)
[2017.10.26-14.10.40:404][300]LogInit: FAudioDevice initialized.
[2017.10.26-14.10.40:441][300]LogLoad: Game class is 'GameMode'
[2017.10.26-14.10.40:446][300]LogWorld: Bringing World /Game/GAME/Maps/UEDPIE_0_ThirdPersonExampleMap.ThirdPersonExampleMap up for play (max tick rate 0) at 2017.10.26-16.10.40
[2017.10.26-14.10.40:446][300]LogWorld: Bringing up level for play took: 0.004942
[2017.10.26-14.10.40:447][300]LogGameMode: Display: Match State Changed from EnteringMap to WaitingToStart
[2017.10.26-14.10.40:447][300]LogGameState: Match State Changed from EnteringMap to WaitingToStart
[2017.10.26-14.10.40:447][300]LogGameMode: Display: Match State Changed from WaitingToStart to InProgress
[2017.10.26-14.10.40:449][300]LogGameState: Match State Changed from WaitingToStart to InProgress
[2017.10.26-14.10.40:449][300]PIE: Play in editor start time for /Game/GAME/Maps/UEDPIE_0_ThirdPersonExampleMap -0.476
[2017.10.26-14.10.40:449][300]LogBlueprintUserMessages: Late PlayInEditor Detection: Level '/Game/GAME/Maps/ThirdPersonExampleMap.ThirdPersonExampleMap:PersistentLevel' has LevelScriptBlueprint '/Game/GAME/Maps/ThirdPersonExampleMap.ThirdPersonExampleMap:PersistentLevel.ThirdPersonExampleMap' with GeneratedClass '/Game/GAME/Maps/ThirdPersonExampleMap.ThirdPersonExampleMap_C' with ClassGeneratedBy '/Game/GAME/Maps/ThirdPersonExampleMap.ThirdPersonExampleMap:PersistentLevel.ThirdPersonExampleMap'
[2017.10.26-14.10.43:002][454]LogBlueprintUserMessages: Early EndPlayMap Detection: Level '/Game/GAME/Maps/ThirdPersonExampleMap.ThirdPersonExampleMap:PersistentLevel' has LevelScriptBlueprint '/Game/GAME/Maps/ThirdPersonExampleMap.ThirdPersonExampleMap:PersistentLevel.ThirdPersonExampleMap' with GeneratedClass '/Game/GAME/Maps/ThirdPersonExampleMap.ThirdPersonExampleMap_C' with ClassGeneratedBy '/Game/GAME/Maps/ThirdPersonExampleMap.ThirdPersonExampleMap:PersistentLevel.ThirdPersonExampleMap'
[2017.10.26-14.10.43:035][454]LogBlueprintUserMessages: Late EndPlayMap Detection: Level '/Game/GAME/Maps/ThirdPersonExampleMap.ThirdPersonExampleMap:PersistentLevel' has LevelScriptBlueprint '/Game/GAME/Maps/ThirdPersonExampleMap.ThirdPersonExampleMap:PersistentLevel.ThirdPersonExampleMap' with GeneratedClass '/Game/GAME/Maps/ThirdPersonExampleMap.ThirdPersonExampleMap_C' with ClassGeneratedBy '/Game/GAME/Maps/ThirdPersonExampleMap.ThirdPersonExampleMap:PersistentLevel.ThirdPersonExampleMap'
[2017.10.26-14.10.43:910][505]LogTemp: Repeating last play command: Selected Viewport
[2017.10.26-14.10.43:991][505]LogBlueprintUserMessages: Early PlayInEditor Detection: Level '/Game/GAME/Maps/ThirdPersonExampleMap.ThirdPersonExampleMap:PersistentLevel' has LevelScriptBlueprint '/Game/GAME/Maps/ThirdPersonExampleMap.ThirdPersonExampleMap:PersistentLevel.ThirdPersonExampleMap' with GeneratedClass '/Game/GAME/Maps/ThirdPersonExampleMap.ThirdPersonExampleMap_C' with ClassGeneratedBy '/Game/GAME/Maps/ThirdPersonExampleMap.ThirdPersonExampleMap:PersistentLevel.ThirdPersonExampleMap'
[2017.10.26-14.10.43:991][505]LogPlayLevel: PlayLevel: No blueprints needed recompiling
[2017.10.26-14.10.43:991][505]PIE: New page: PIE session: ThirdPersonExampleMap (Oct 26, 2017, 6:10:43 PM)
[2017.10.26-14.10.43:991][505]LogPlayLevel: Creating play world package: /Game/GAME/Maps/UEDPIE_0_ThirdPersonExampleMap
[2017.10.26-14.10.44:012][505]LogPlayLevel: PIE: StaticDuplicateObject took: (0.021213s)
[2017.10.26-14.10.44:014][505]LogAIModule: Creating AISystem for world ThirdPersonExampleMap
[2017.10.26-14.10.44:014][505]LogPlayLevel: PIE: World Init took: (0.001326s)
[2017.10.26-14.10.44:014][505]LogPlayLevel: PIE: Created PIE world by copying editor world from /Game/GAME/Maps/ThirdPersonExampleMap.ThirdPersonExampleMap to /Game/GAME/Maps/UEDPIE_0_ThirdPersonExampleMap.ThirdPersonExampleMap (0.022878s)
[2017.10.26-14.10.44:038][505]LogInit: XAudio2 using 'Digital Audio (S/PDIF) (High Definition Audio Device)' : 2 channels at 44.1 kHz using 16 bits per sample (channel mask 0x3)
[2017.10.26-14.10.44:047][505]LogInit: FAudioDevice initialized.
[2017.10.26-14.10.44:086][505]LogLoad: Game class is 'GameMode'
[2017.10.26-14.10.44:090][505]LogWorld: Bringing World /Game/GAME/Maps/UEDPIE_0_ThirdPersonExampleMap.ThirdPersonExampleMap up for play (max tick rate 0) at 2017.10.26-16.10.44
[2017.10.26-14.10.44:091][505]LogWorld: Bringing up level for play took: 0.003836
[2017.10.26-14.10.44:091][505]LogGameMode: Display: Match State Changed from EnteringMap to WaitingToStart
[2017.10.26-14.10.44:091][505]LogGameState: Match State Changed from EnteringMap to WaitingToStart
[2017.10.26-14.10.44:091][505]LogGameMode: Display: Match State Changed from WaitingToStart to InProgress
[2017.10.26-14.10.44:092][505]LogGameState: Match State Changed from WaitingToStart to InProgress
[2017.10.26-14.10.44:092][505]PIE: Play in editor start time for /Game/GAME/Maps/UEDPIE_0_ThirdPersonExampleMap -0.833
[2017.10.26-14.10.44:093][505]LogBlueprintUserMessages: Late PlayInEditor Detection: Level '/Game/GAME/Maps/ThirdPersonExampleMap.ThirdPersonExampleMap:PersistentLevel' has LevelScriptBlueprint '/Game/GAME/Maps/ThirdPersonExampleMap.ThirdPersonExampleMap:PersistentLevel.ThirdPersonExampleMap' with GeneratedClass '/Game/GAME/Maps/ThirdPersonExampleMap.ThirdPersonExampleMap_C' with ClassGeneratedBy '/Game/GAME/Maps/ThirdPersonExampleMap.ThirdPersonExampleMap:PersistentLevel.ThirdPersonExampleMap'
[2017.10.26-14.10.45:431][585]LogBlueprintUserMessages: Early EndPlayMap Detection: Level '/Game/GAME/Maps/ThirdPersonExampleMap.ThirdPersonExampleMap:PersistentLevel' has LevelScriptBlueprint '/Game/GAME/Maps/ThirdPersonExampleMap.ThirdPersonExampleMap:PersistentLevel.ThirdPersonExampleMap' with GeneratedClass '/Game/GAME/Maps/ThirdPersonExampleMap.ThirdPersonExampleMap_C' with ClassGeneratedBy '/Game/GAME/Maps/ThirdPersonExampleMap.ThirdPersonExampleMap:PersistentLevel.ThirdPersonExampleMap'
[2017.10.26-14.10.45:464][585]LogBlueprintUserMessages: Late EndPlayMap Detection: Level '/Game/GAME/Maps/ThirdPersonExampleMap.ThirdPersonExampleMap:PersistentLevel' has LevelScriptBlueprint '/Game/GAME/Maps/ThirdPersonExampleMap.ThirdPersonExampleMap:PersistentLevel.ThirdPersonExampleMap' with GeneratedClass '/Game/GAME/Maps/ThirdPersonExampleMap.ThirdPersonExampleMap_C' with ClassGeneratedBy '/Game/GAME/Maps/ThirdPersonExampleMap.ThirdPersonExampleMap:PersistentLevel.ThirdPersonExampleMap'
[2017.10.26-14.10.46:368][636]LogTemp: Repeating last play command: Selected Viewport
[2017.10.26-14.10.46:399][636]LogBlueprintUserMessages: Early PlayInEditor Detection: Level '/Game/GAME/Maps/ThirdPersonExampleMap.ThirdPersonExampleMap:PersistentLevel' has LevelScriptBlueprint '/Game/GAME/Maps/ThirdPersonExampleMap.ThirdPersonExampleMap:PersistentLevel.ThirdPersonExampleMap' with GeneratedClass '/Game/GAME/Maps/ThirdPersonExampleMap.ThirdPersonExampleMap_C' with ClassGeneratedBy '/Game/GAME/Maps/ThirdPersonExampleMap.ThirdPersonExampleMap:PersistentLevel.ThirdPersonExampleMap'
[2017.10.26-14.10.46:400][636]LogPlayLevel: PlayLevel: No blueprints needed recompiling
[2017.10.26-14.10.46:400][636]PIE: New page: PIE session: ThirdPersonExampleMap (Oct 26, 2017, 6:10:46 PM)
[2017.10.26-14.10.46:400][636]LogPlayLevel: Creating play world package: /Game/GAME/Maps/UEDPIE_0_ThirdPersonExampleMap
[2017.10.26-14.10.46:430][636]LogPlayLevel: PIE: StaticDuplicateObject took: (0.029912s)
[2017.10.26-14.10.46:431][636]LogAIModule: Creating AISystem for world ThirdPersonExampleMap
[2017.10.26-14.10.46:432][636]LogPlayLevel: PIE: World Init took: (0.001862s)
[2017.10.26-14.10.46:432][636]LogPlayLevel: PIE: Created PIE world by copying editor world from /Game/GAME/Maps/ThirdPersonExampleMap.ThirdPersonExampleMap to /Game/GAME/Maps/UEDPIE_0_ThirdPersonExampleMap.ThirdPersonExampleMap (0.032198s)
[2017.10.26-14.10.46:453][636]LogInit: XAudio2 using 'Digital Audio (S/PDIF) (High Definition Audio Device)' : 2 channels at 44.1 kHz using 16 bits per sample (channel mask 0x3)
[2017.10.26-14.10.46:463][636]LogInit: FAudioDevice initialized.
[2017.10.26-14.10.46:498][636]LogLoad: Game class is 'GameMode'
[2017.10.26-14.10.46:502][636]LogWorld: Bringing World /Game/GAME/Maps/UEDPIE_0_ThirdPersonExampleMap.ThirdPersonExampleMap up for play (max tick rate 0) at 2017.10.26-16.10.46
[2017.10.26-14.10.46:503][636]LogWorld: Bringing up level for play took: 0.004031
[2017.10.26-14.10.46:503][636]LogGameMode: Display: Match State Changed from EnteringMap to WaitingToStart
[2017.10.26-14.10.46:503][636]LogGameState: Match State Changed from EnteringMap to WaitingToStart
[2017.10.26-14.10.46:503][636]LogGameMode: Display: Match State Changed from WaitingToStart to InProgress
[2017.10.26-14.10.46:504][636]LogGameState: Match State Changed from WaitingToStart to InProgress
[2017.10.26-14.10.46:504][636]PIE: Play in editor start time for /Game/GAME/Maps/UEDPIE_0_ThirdPersonExampleMap -0.421
[2017.10.26-14.10.46:505][636]LogBlueprintUserMessages: Late PlayInEditor Detection: Level '/Game/GAME/Maps/ThirdPersonExampleMap.ThirdPersonExampleMap:PersistentLevel' has LevelScriptBlueprint '/Game/GAME/Maps/ThirdPersonExampleMap.ThirdPersonExampleMap:PersistentLevel.ThirdPersonExampleMap' with GeneratedClass '/Game/GAME/Maps/ThirdPersonExampleMap.ThirdPersonExampleMap_C' with ClassGeneratedBy '/Game/GAME/Maps/ThirdPersonExampleMap.ThirdPersonExampleMap:PersistentLevel.ThirdPersonExampleMap'
[2017.10.26-14.10.52:849][ 28]LogBlueprintUserMessages: Early EndPlayMap Detection: Level '/Game/GAME/Maps/ThirdPersonExampleMap.ThirdPersonExampleMap:PersistentLevel' has LevelScriptBlueprint '/Game/GAME/Maps/ThirdPersonExampleMap.ThirdPersonExampleMap:PersistentLevel.ThirdPersonExampleMap' with GeneratedClass '/Game/GAME/Maps/ThirdPersonExampleMap.ThirdPersonExampleMap_C' with ClassGeneratedBy '/Game/GAME/Maps/ThirdPersonExampleMap.ThirdPersonExampleMap:PersistentLevel.ThirdPersonExampleMap'
[2017.10.26-14.10.52:885][ 28]LogBlueprintUserMessages: Late EndPlayMap Detection: Level '/Game/GAME/Maps/ThirdPersonExampleMap.ThirdPersonExampleMap:PersistentLevel' has LevelScriptBlueprint '/Game/GAME/Maps/ThirdPersonExampleMap.ThirdPersonExampleMap:PersistentLevel.ThirdPersonExampleMap' with GeneratedClass '/Game/GAME/Maps/ThirdPersonExampleMap.ThirdPersonExampleMap_C' with ClassGeneratedBy '/Game/GAME/Maps/ThirdPersonExampleMap.ThirdPersonExampleMap:PersistentLevel.ThirdPersonExampleMap'
[2017.10.26-14.10.55:748][209]LogTemp: Repeating last play command: Selected Viewport
[2017.10.26-14.10.55:780][209]LogBlueprintUserMessages: Early PlayInEditor Detection: Level '/Game/GAME/Maps/ThirdPersonExampleMap.ThirdPersonExampleMap:PersistentLevel' has LevelScriptBlueprint '/Game/GAME/Maps/ThirdPersonExampleMap.ThirdPersonExampleMap:PersistentLevel.ThirdPersonExampleMap' with GeneratedClass '/Game/GAME/Maps/ThirdPersonExampleMap.ThirdPersonExampleMap_C' with ClassGeneratedBy '/Game/GAME/Maps/ThirdPersonExampleMap.ThirdPersonExampleMap:PersistentLevel.ThirdPersonExampleMap'
[2017.10.26-14.10.55:780][209]LogPlayLevel: PlayLevel: No blueprints needed recompiling
[2017.10.26-14.10.55:780][209]PIE: New page: PIE session: ThirdPersonExampleMap (Oct 26, 2017, 6:10:55 PM)
[2017.10.26-14.10.55:780][209]LogPlayLevel: Creating play world package: /Game/GAME/Maps/UEDPIE_0_ThirdPersonExampleMap
[2017.10.26-14.10.55:809][209]LogPlayLevel: PIE: StaticDuplicateObject took: (0.028299s)
[2017.10.26-14.10.55:810][209]LogAIModule: Creating AISystem for world ThirdPersonExampleMap
[2017.10.26-14.10.55:810][209]LogPlayLevel: PIE: World Init took: (0.001005s)
[2017.10.26-14.10.55:810][209]LogPlayLevel: PIE: Created PIE world by copying editor world from /Game/GAME/Maps/ThirdPersonExampleMap.ThirdPersonExampleMap to /Game/GAME/Maps/UEDPIE_0_ThirdPersonExampleMap.ThirdPersonExampleMap (0.029696s)
[2017.10.26-14.10.55:830][209]LogInit: XAudio2 using 'Digital Audio (S/PDIF) (High Definition Audio Device)' : 2 channels at 44.1 kHz using 16 bits per sample (channel mask 0x3)
[2017.10.26-14.10.55:841][209]LogInit: FAudioDevice initialized.
[2017.10.26-14.10.55:880][209]LogLoad: Game class is 'GameMode'
[2017.10.26-14.10.55:886][209]LogWorld: Bringing World /Game/GAME/Maps/UEDPIE_0_ThirdPersonExampleMap.ThirdPersonExampleMap up for play (max tick rate 0) at 2017.10.26-16.10.55
[2017.10.26-14.10.55:888][209]LogWorld: Bringing up level for play took: 0.007049
[2017.10.26-14.10.55:889][209]LogGameMode: Display: Match State Changed from EnteringMap to WaitingToStart
[2017.10.26-14.10.55:889][209]LogGameState: Match State Changed from EnteringMap to WaitingToStart
[2017.10.26-14.10.55:889][209]LogGameMode: Display: Match State Changed from WaitingToStart to InProgress
[2017.10.26-14.10.55:891][209]LogGameState: Match State Changed from WaitingToStart to InProgress
[2017.10.26-14.10.55:891][209]PIE: Play in editor start time for /Game/GAME/Maps/UEDPIE_0_ThirdPersonExampleMap 0.965
[2017.10.26-14.10.55:891][209]LogBlueprintUserMessages: Late PlayInEditor Detection: Level '/Game/GAME/Maps/ThirdPersonExampleMap.ThirdPersonExampleMap:PersistentLevel' has LevelScriptBlueprint '/Game/GAME/Maps/ThirdPersonExampleMap.ThirdPersonExampleMap:PersistentLevel.ThirdPersonExampleMap' with GeneratedClass '/Game/GAME/Maps/ThirdPersonExampleMap.ThirdPersonExampleMap_C' with ClassGeneratedBy '/Game/GAME/Maps/ThirdPersonExampleMap.ThirdPersonExampleMap:PersistentLevel.ThirdPersonExampleMap'
[2017.10.26-14.11.11:451][191]LogBlueprintUserMessages: Early EndPlayMap Detection: Level '/Game/GAME/Maps/ThirdPersonExampleMap.ThirdPersonExampleMap:PersistentLevel' has LevelScriptBlueprint '/Game/GAME/Maps/ThirdPersonExampleMap.ThirdPersonExampleMap:PersistentLevel.ThirdPersonExampleMap' with GeneratedClass '/Game/GAME/Maps/ThirdPersonExampleMap.ThirdPersonExampleMap_C' with ClassGeneratedBy '/Game/GAME/Maps/ThirdPersonExampleMap.ThirdPersonExampleMap:PersistentLevel.ThirdPersonExampleMap'
[2017.10.26-14.11.11:482][191]LogBlueprintUserMessages: Late EndPlayMap Detection: Level '/Game/GAME/Maps/ThirdPersonExampleMap.ThirdPersonExampleMap:PersistentLevel' has LevelScriptBlueprint '/Game/GAME/Maps/ThirdPersonExampleMap.ThirdPersonExampleMap:PersistentLevel.ThirdPersonExampleMap' with GeneratedClass '/Game/GAME/Maps/ThirdPersonExampleMap.ThirdPersonExampleMap_C' with ClassGeneratedBy '/Game/GAME/Maps/ThirdPersonExampleMap.ThirdPersonExampleMap:PersistentLevel.ThirdPersonExampleMap'
[2017.10.26-14.12.37:634][159]Cmd: OBJ SAVEPACKAGE PACKAGE="/Game/GAME/Maps/ThirdPersonExampleMap" FILE="Z:/bachlorgit/Content/GAME/Maps/ThirdPersonExampleMap.umap" SILENT=true AUTOSAVING=false KEEPDIRTY=false
[2017.10.26-14.12.42:533][159]LogSavePackage: Save=2213.97ms
[2017.10.26-14.12.42:533][159]LogSavePackage: Moving 'Z:/bachlorgit/Saved/ThirdPersonExampleMap6803B0ED427A67B5074E208BB1714B84.tmp' to 'Z:/bachlorgit/Content/GAME/Maps/ThirdPersonExampleMap.umap'
[2017.10.26-14.12.42:585][159]LogSavePackage: Display: Finished SavePackage Z:/bachlorgit/Content/GAME/Maps/ThirdPersonExampleMap.umap
[2017.10.26-14.12.42:654][159]LogFileHelpers: Saving map 'ThirdPersonExampleMap' took 5.306
[2017.10.26-14.12.42:804][159]LogWindowsTextInputMethodSystem: Display: IME system now deactivated.
[2017.10.26-14.12.42:984][160]Cmd: QUIT_EDITOR
[2017.10.26-14.12.43:807][160]LogExit: Preparing to exit.
[2017.10.26-14.12.44:077][160]PIE: UWidget::RemoveFromParent() called on 'None.ThirdPersonExampleMap:None' which has no UMG parent (if it was added directly to a native Slate widget via TakeWidget() then it must be removed explicitly rather than via RemoveFromParent())
[2017.10.26-14.12.44:106][160]LogExit: Editor shut down
[2017.10.26-14.12.44:112][160]LogExit: Transaction tracking system shut down
[2017.10.26-14.12.45:200][160]LogDirectoryWatcher: A directory notification for '../../../Engine/Content/' was aborted.
[2017.10.26-14.12.45:201][160]LogDirectoryWatcher: A directory notification for '../../../Engine/Plugins/2D/Paper2D/Content/' was aborted.
[2017.10.26-14.12.45:201][160]LogDirectoryWatcher: A directory notification for '../../../Engine/Plugins/Runtime/Oculus/OculusVR/Content/' was aborted.
[2017.10.26-14.12.45:201][160]LogDirectoryWatcher: A directory notification for '../../../Engine/Plugins/Runtime/Steam/SteamVR/Content/' was aborted.
[2017.10.26-14.12.45:268][160]LogExit: Object subsystem successfully closed.
[2017.10.26-14.12.45:295][160]LogD3D11RHI: Shutdown
[2017.10.26-14.12.45:295][160]LogD3D11RHI: CleanupD3DDevice
[2017.10.26-14.12.45:436][160]LogD3D11RHI: ~FD3D11DynamicRHI
[2017.10.26-14.12.45:447][160]LogModuleManager: Shutting down and abandoning module MovieSceneCapture (536)
[2017.10.26-14.12.45:447][160]LogModuleManager: Shutting down and abandoning module ExternalImagePicker (534)
[2017.10.26-14.12.45:447][160]LogModuleManager: Shutting down and abandoning module MaterialEditor (532)
[2017.10.26-14.12.45:447][160]LogModuleManager: Shutting down and abandoning module HierarchicalLODOutliner (530)
[2017.10.26-14.12.45:447][160]LogModuleManager: Shutting down and abandoning module SceneOutliner (528)
[2017.10.26-14.12.45:447][160]LogModuleManager: Shutting down and abandoning module AddContentDialog (526)
[2017.10.26-14.12.45:447][160]LogDirectoryWatcher: A directory notification for 'D:/Program Files/Epic Games/UE_4.17/FeaturePacks/' was aborted.
[2017.10.26-14.12.45:449][160]LogModuleManager: Shutting down and abandoning module WidgetCarousel (525)
[2017.10.26-14.12.45:449][160]LogModuleManager: Shutting down and abandoning module EditorWidgets (522)
[2017.10.26-14.12.45:449][160]LogModuleManager: Shutting down and abandoning module CollectionManager (520)
[2017.10.26-14.12.45:449][160]LogModuleManager: Shutting down and abandoning module StatsViewer (518)
[2017.10.26-14.12.45:449][160]LogModuleManager: Shutting down and abandoning module FoliageEdit (516)
[2017.10.26-14.12.45:449][160]LogModuleManager: Shutting down and abandoning module LandscapeEditor (514)
[2017.10.26-14.12.45:450][160]LogModuleManager: Shutting down and abandoning module MeshPaintMode (512)
[2017.10.26-14.12.45:450][160]LogModuleManager: Shutting down and abandoning module SceneDepthPickerMode (510)
[2017.10.26-14.12.45:450][160]LogModuleManager: Shutting down and abandoning module ActorPickerMode (508)
[2017.10.26-14.12.45:450][160]LogModuleManager: Shutting down and abandoning module GeometryMode (506)
[2017.10.26-14.12.45:450][160]LogModuleManager: Shutting down and abandoning module TextureAlignMode (504)
[2017.10.26-14.12.45:450][160]LogModuleManager: Shutting down and abandoning module BspMode (502)
[2017.10.26-14.12.45:450][160]LogModuleManager: Shutting down and abandoning module PIEPreviewDeviceProfileSelector (500)
[2017.10.26-14.12.45:450][160]LogModuleManager: Shutting down and abandoning module HardwareSurvey (498)
[2017.10.26-14.12.45:450][160]LogModuleManager: Shutting down and abandoning module SequenceRecorderSections (496)
[2017.10.26-14.12.45:450][160]LogModuleManager: Shutting down and abandoning module AutomationWorker (494)
[2017.10.26-14.12.45:450][160]LogModuleManager: Shutting down and abandoning module MatineeToLevelSequence (492)
[2017.10.26-14.12.45:450][160]LogModuleManager: Shutting down and abandoning module LevelSequenceEditor (490)
[2017.10.26-14.12.45:450][160]LogModuleManager: Shutting down and abandoning module PlacementMode (489)
[2017.10.26-14.12.45:450][160]LogModuleManager: Shutting down and abandoning module WmfMediaFactory (486)
[2017.10.26-14.12.45:450][160]LogModuleManager: Shutting down and abandoning module WmfMediaEditor (484)
[2017.10.26-14.12.45:450][160]LogModuleManager: Shutting down and abandoning module AvfMediaFactory (482)
[2017.10.26-14.12.45:450][160]LogModuleManager: Shutting down and abandoning module AvfMediaEditor (480)
[2017.10.26-14.12.45:450][160]LogModuleManager: Shutting down and abandoning module AndroidMediaFactory (478)
[2017.10.26-14.12.45:451][160]LogModuleManager: Shutting down and abandoning module Media (477)
[2017.10.26-14.12.45:451][160]LogModuleManager: Shutting down and abandoning module AndroidMediaEditor (474)
[2017.10.26-14.12.45:451][160]LogModuleManager: Shutting down and abandoning module CharacterAI (472)
[2017.10.26-14.12.45:451][160]LogModuleManager: Shutting down and abandoning module AudioCapture (470)
[2017.10.26-14.12.45:451][160]LogModuleManager: Shutting down and abandoning module SequenceRecorder (469)
[2017.10.26-14.12.45:451][160]LogModuleManager: Shutting down and abandoning module SmartSnapping (466)
[2017.10.26-14.12.45:451][160]LogModuleManager: Shutting down and abandoning module SessionServices (464)
[2017.10.26-14.12.45:451][160]LogModuleManager: Shutting down and abandoning module ViewportSnapping (462)
[2017.10.26-14.12.45:451][160]LogModuleManager: Shutting down and abandoning module ViewportInteraction (460)
[2017.10.26-14.12.45:451][160]LogModuleManager: Shutting down and abandoning module ClothPainter (458)
[2017.10.26-14.12.45:451][160]LogModuleManager: Shutting down and abandoning module LogVisualizer (456)
[2017.10.26-14.12.45:451][160]LogModuleManager: Shutting down and abandoning module IntroTutorials (454)
[2017.10.26-14.12.45:451][160]LogModuleManager: Shutting down and abandoning module GameProjectGeneration (453)
[2017.10.26-14.12.45:451][160]LogModuleManager: Shutting down and abandoning module IOSPlatformEditor (450)
[2017.10.26-14.12.45:451][160]LogModuleManager: Shutting down and abandoning module HTML5PlatformEditor (448)
[2017.10.26-14.12.45:451][160]LogModuleManager: Shutting down and abandoning module AndroidPlatformEditor (446)
[2017.10.26-14.12.45:451][160]LogModuleManager: Shutting down and abandoning module AndroidDeviceDetection (445)
[2017.10.26-14.12.45:972][160]LogModuleManager: Shutting down and abandoning module WindowsPlatformEditor (442)
[2017.10.26-14.12.45:972][160]LogModuleManager: Shutting down and abandoning module IOSRuntimeSettings (440)
[2017.10.26-14.12.45:972][160]LogModuleManager: Shutting down and abandoning module AndroidRuntimeSettings (438)
[2017.10.26-14.12.45:972][160]LogModuleManager: Shutting down and abandoning module InputBindingEditor (436)
[2017.10.26-14.12.45:972][160]LogModuleManager: Shutting down and abandoning module MergeActors (434)
[2017.10.26-14.12.45:972][160]LogModuleManager: Shutting down and abandoning module SizeMap (432)
[2017.10.26-14.12.45:972][160]LogModuleManager: Shutting down and abandoning module TreeMap (430)
[2017.10.26-14.12.45:972][160]LogModuleManager: Shutting down and abandoning module ReferenceViewer (428)
[2017.10.26-14.12.45:972][160]LogModuleManager: Shutting down and abandoning module LocalizationDashboard (426)
[2017.10.26-14.12.45:972][160]LogModuleManager: Shutting down and abandoning module LocalizationService (425)
[2017.10.26-14.12.45:972][160]LogModuleManager: Shutting down and abandoning module HardwareTargeting (422)
[2017.10.26-14.12.45:972][160]LogModuleManager: Shutting down and abandoning module DeviceProfileEditor (420)
[2017.10.26-14.12.45:972][160]LogModuleManager: Shutting down and abandoning module UndoHistory (418)
[2017.10.26-14.12.45:972][160]LogModuleManager: Shutting down and abandoning module XmlParser (416)
[2017.10.26-14.12.45:972][160]LogModuleManager: Shutting down and abandoning module Blutility (414)
[2017.10.26-14.12.45:972][160]LogModuleManager: Shutting down and abandoning module ProjectSettingsViewer (412)
[2017.10.26-14.12.45:972][160]LogModuleManager: Shutting down and abandoning module ProjectTargetPlatformEditor (411)
[2017.10.26-14.12.45:972][160]LogModuleManager: Shutting down and abandoning module EditorSettingsViewer (408)
[2017.10.26-14.12.45:972][160]LogModuleManager: Shutting down and abandoning module SettingsEditor (406)
[2017.10.26-14.12.45:972][160]LogModuleManager: Shutting down and abandoning module ProjectLauncher (404)
[2017.10.26-14.12.45:972][160]LogModuleManager: Shutting down and abandoning module SessionFrontend (402)
[2017.10.26-14.12.45:972][160]LogModuleManager: Shutting down and abandoning module ProfilerClient (400)
[2017.10.26-14.12.45:972][160]LogModuleManager: Shutting down and abandoning module DeviceManager (398)
[2017.10.26-14.12.45:972][160]LogModuleManager: Shutting down and abandoning module TargetDeviceServices (397)
[2017.10.26-14.12.46:036][160]LogModuleManager: Shutting down and abandoning module AutomationController (394)
[2017.10.26-14.12.46:036][160]LogModuleManager: Shutting down and abandoning module AutomationWindow (392)
[2017.10.26-14.12.46:036][160]LogModuleManager: Shutting down and abandoning module Layers (390)
[2017.10.26-14.12.46:037][160]LogModuleManager: Shutting down and abandoning module ComponentVisualizers (388)
[2017.10.26-14.12.46:037][160]LogModuleManager: Shutting down and abandoning module DetailCustomizations (386)
[2017.10.26-14.12.46:037][160]LogModuleManager: Shutting down and abandoning module PackagesDialog (384)
[2017.10.26-14.12.46:037][160]LogModuleManager: Shutting down and abandoning module Persona (382)
[2017.10.26-14.12.46:037][160]LogModuleManager: Shutting down and abandoning module AdvancedPreviewScene (381)
[2017.10.26-14.12.46:037][160]LogModuleManager: Shutting down and abandoning module AnimGraph (379)
[2017.10.26-14.12.46:037][160]LogModuleManager: Shutting down and abandoning module Kismet (376)
[2017.10.26-14.12.46:038][160]LogModuleManager: Shutting down and abandoning module ClassViewer (374)
[2017.10.26-14.12.46:038][160]LogModuleManager: Shutting down and abandoning module Toolbox (372)
[2017.10.26-14.12.46:038][160]LogModuleManager: Shutting down and abandoning module ModuleUI (370)
[2017.10.26-14.12.46:038][160]LogModuleManager: Shutting down and abandoning module MovieSceneTools (368)
[2017.10.26-14.12.46:038][160]LogModuleManager: Shutting down and abandoning module OutputLog (366)
[2017.10.26-14.12.46:038][160]LogModuleManager: Shutting down and abandoning module GammaUI (364)
[2017.10.26-14.12.46:039][160]LogModuleManager: Shutting down and abandoning module Documentation (362)
[2017.10.26-14.12.46:039][160]LogModuleManager: Shutting down and abandoning module MovieSceneTracks (360)
[2017.10.26-14.12.46:039][160]LogModuleManager: Shutting down and abandoning module MovieScene (358)
[2017.10.26-14.12.46:039][160]LogModuleManager: Shutting down and abandoning module Niagara (356)
[2017.10.26-14.12.46:039][160]LogModuleManager: Shutting down and abandoning module NiagaraEditor (355)
[2017.10.26-14.12.46:039][160]LogModuleManager: Shutting down and abandoning module StreamingPauseRendering (352)
[2017.10.26-14.12.46:039][160]LogModuleManager: Shutting down and abandoning module LauncherPlatform (350)
[2017.10.26-14.12.46:039][160]LogModuleManager: Shutting down and abandoning module AnalyticsET (348)
[2017.10.26-14.12.46:039][160]LogModuleManager: Shutting down and abandoning module PortalServices (346)
[2017.10.26-14.12.46:039][160]LogModuleManager: Shutting down and abandoning module PortalRpc (344)
[2017.10.26-14.12.46:039][160]LogModuleManager: Shutting down and abandoning module MessagingRpc (342)
[2017.10.26-14.12.46:039][160]LogModuleManager: Shutting down and abandoning module AIModule (340)
[2017.10.26-14.12.46:039][160]LogModuleManager: Shutting down and abandoning module GameplayDebugger (339)
[2017.10.26-14.12.46:039][160]LogModuleManager: Shutting down and abandoning module AITestSuite (337)
[2017.10.26-14.12.46:039][160]LogModuleManager: Shutting down and abandoning module ProfilerService (334)
[2017.10.26-14.12.46:229][160]LogModuleManager: Shutting down and abandoning module TaskGraph (332)
[2017.10.26-14.12.46:229][160]LogModuleManager: Shutting down and abandoning module SteamVRController (330)
[2017.10.26-14.12.46:229][160]LogModuleManager: Shutting down and abandoning module ProceduralMeshComponentEditor (328)
[2017.10.26-14.12.46:229][160]LogModuleManager: Shutting down and abandoning module ProceduralMeshComponent (326)
[2017.10.26-14.12.46:229][160]LogModuleManager: Shutting down and abandoning module OculusInput (324)
[2017.10.26-14.12.46:229][160]LogModuleManager: Shutting down and abandoning module MobilePatchingUtils (322)
[2017.10.26-14.12.46:229][160]LogModuleManager: Shutting down and abandoning module CustomMeshComponent (320)
[2017.10.26-14.12.46:229][160]LogModuleManager: Shutting down and abandoning module CableComponent (318)
[2017.10.26-14.12.46:229][160]LogModuleManager: Shutting down and abandoning module ArchVisCharacter (316)
[2017.10.26-14.12.46:229][160]LogModuleManager: Shutting down and abandoning module AndroidPermission (314)
[2017.10.26-14.12.46:229][160]LogModuleManager: Shutting down and abandoning module MediaPlayerEditor (310)
[2017.10.26-14.12.46:229][160]LogModuleManager: Shutting down and abandoning module HTML5Networking (308)
[2017.10.26-14.12.46:229][160]LogModuleManager: Shutting down and abandoning module AlembicImporter (306)
[2017.10.26-14.12.46:229][160]LogModuleManager: Shutting down and abandoning module AlembicLibrary (305)
[2017.10.26-14.12.46:229][160]LogModuleManager: Shutting down and abandoning module GeometryCache (304)
[2017.10.26-14.12.46:229][160]LogModuleManager: Shutting down and abandoning module GeometryCacheEd (303)
[2017.10.26-14.12.46:230][160]LogModuleManager: Shutting down and abandoning module SpeedTreeImporter (298)
[2017.10.26-14.12.46:230][160]LogModuleManager: Shutting down and abandoning module PluginBrowser (296)
[2017.10.26-14.12.46:230][160]LogModuleManager: Shutting down and abandoning module MobileLauncherProfileWizard (294)
[2017.10.26-14.12.46:230][160]LogModuleManager: Shutting down and abandoning module VisualStudioSourceCodeAccess (292)
[2017.10.26-14.12.46:230][160]LogModuleManager: Shutting down and abandoning module DesktopPlatform (291)
[2017.10.26-14.12.46:230][160]LogModuleManager: Shutting down and abandoning module UObjectPlugin (288)
[2017.10.26-14.12.46:230][160]LogModuleManager: Shutting down and abandoning module SubversionSourceControl (286)
[2017.10.26-14.12.46:230][160]LogModuleManager: Shutting down and abandoning module PerforceSourceControl (284)
[2017.10.26-14.12.46:230][160]LogModuleManager: Shutting down and abandoning module GitSourceControl (282)
[2017.10.26-14.12.46:230][160]LogModuleManager: Shutting down and abandoning module SourceControl (281)
[2017.10.26-14.12.46:230][160]LogModuleManager: Shutting down and abandoning module LightPropagationVolumeEditor (278)
[2017.10.26-14.12.46:230][160]LogModuleManager: Shutting down and abandoning module PaperTiledImporter (276)
[2017.10.26-14.12.46:230][160]LogModuleManager: Shutting down and abandoning module PaperSpriteSheetImporter (274)
[2017.10.26-14.12.46:230][160]LogModuleManager: Shutting down and abandoning module Paper2DEditor (272)
[2017.10.26-14.12.46:230][160]LogModuleManager: Shutting down and abandoning module MeshPaint (271)
[2017.10.26-14.12.46:230][160]LogModuleManager: Shutting down and abandoning module LevelEditor (269)
[2017.10.26-14.12.46:231][160]LogModuleManager: Shutting down and abandoning module PixelInspectorModule (268)
[2017.10.26-14.12.46:231][160]LogModuleManager: Shutting down and abandoning module MainFrame (266)
[2017.10.26-14.12.46:231][160]LogModuleManager: Shutting down and abandoning module HotReload (265)
[2017.10.26-14.12.46:231][160]LogModuleManager: Shutting down and abandoning module RuntimePhysXCooking (260)
[2017.10.26-14.12.46:231][160]LogModuleManager: Shutting down and abandoning module PhysXVehiclesEditor (258)
[2017.10.26-14.12.46:231][160]LogModuleManager: Shutting down and abandoning module PhysXVehicles (256)
[2017.10.26-14.12.46:231][160]LogModuleManager: Shutting down and abandoning module OculusEditor (254)
[2017.10.26-14.12.46:231][160]LogModuleManager: Shutting down and abandoning module LocationServicesBPLibrary (252)
[2017.10.26-14.12.46:231][160]LogModuleManager: Shutting down and abandoning module ImmediatePhysicsEditor (250)
[2017.10.26-14.12.46:231][160]LogModuleManager: Shutting down and abandoning module ImmediatePhysics (248)
[2017.10.26-14.12.46:231][160]LogModuleManager: Shutting down and abandoning module UdpMessaging (246)
[2017.10.26-14.12.46:332][160]LogModuleManager: Shutting down and abandoning module TcpMessaging (244)
[2017.10.26-14.12.46:432][160]LogModuleManager: Shutting down and abandoning module GameplayTagsEditor (242)
[2017.10.26-14.12.46:432][160]LogModuleManager: Shutting down and abandoning module FacialAnimationEditor (240)
[2017.10.26-14.12.46:432][160]LogModuleManager: Shutting down and abandoning module FacialAnimation (238)
[2017.10.26-14.12.46:432][160]LogModuleManager: Shutting down and abandoning module AssetManagerEditor (236)
[2017.10.26-14.12.46:432][160]LogModuleManager: Shutting down and abandoning module GraphEditor (235)
[2017.10.26-14.12.46:432][160]LogModuleManager: Shutting down and abandoning module ContentBrowser (233)
[2017.10.26-14.12.46:433][160]LogModuleManager: Shutting down and abandoning module LightPropagationVolumeRuntime (230)
[2017.10.26-14.12.46:433][160]LogModuleManager: Shutting down and abandoning module Paper2D (228)
[2017.10.26-14.12.46:433][160]LogModuleManager: Shutting down and abandoning module WindowsMoviePlayer (226)
[2017.10.26-14.12.46:433][160]LogModuleManager: Shutting down and abandoning module WmfMedia (224)
[2017.10.26-14.12.46:433][160]LogModuleManager: Shutting down and abandoning module PacketHandler (222)
[2017.10.26-14.12.46:433][160]LogModuleManager: Shutting down and abandoning module ClothingSystemEditor (220)
[2017.10.26-14.12.46:433][160]LogModuleManager: Shutting down and abandoning module ClothingSystemRuntime (218)
[2017.10.26-14.12.46:433][160]LogModuleManager: Shutting down and abandoning module Overlay (216)
[2017.10.26-14.12.46:433][160]LogModuleManager: Shutting down and abandoning module OverlayEditor (215)
[2017.10.26-14.12.46:433][160]LogModuleManager: Shutting down and abandoning module MediaAssets (212)
[2017.10.26-14.12.46:433][160]LogModuleManager: Shutting down and abandoning module VREditor (210)
[2017.10.26-14.12.46:434][160]LogModuleManager: Shutting down and abandoning module StringTableEditor (208)
[2017.10.26-14.12.46:434][160]LogModuleManager: Shutting down and abandoning module GameplayTasksEditor (206)
[2017.10.26-14.12.46:434][160]LogModuleManager: Shutting down and abandoning module BehaviorTreeEditor (204)
[2017.10.26-14.12.46:434][160]LogModuleManager: Shutting down and abandoning module FunctionalTesting (202)
[2017.10.26-14.12.46:434][160]LogModuleManager: Shutting down and abandoning module CollisionAnalyzer (200)
[2017.10.26-14.12.46:434][160]LogModuleManager: Shutting down and abandoning module WorkspaceMenuStructure (199)
[2017.10.26-14.12.46:434][160]LogModuleManager: Shutting down and abandoning module UMG (196)
[2017.10.26-14.12.46:434][160]LogModuleManager: Shutting down and abandoning module UMGEditor (195)
[2017.10.26-14.12.46:434][160]LogModuleManager: Shutting down and abandoning module Sequencer (194)
[2017.10.26-14.12.46:434][160]LogModuleManager: Shutting down and abandoning module MessageLog (191)
[2017.10.26-14.12.46:434][160]LogModuleManager: Shutting down and abandoning module SlateReflector (186)
[2017.10.26-14.12.46:434][160]LogModuleManager: Shutting down and abandoning module Slate (184)
[2017.10.26-14.12.46:434][160]LogModuleManager: Shutting down and abandoning module EditorStyle (182)
[2017.10.26-14.12.46:436][160]LogModuleManager: Shutting down and abandoning module MRMesh (180)
[2017.10.26-14.12.46:436][160]LogModuleManager: Shutting down and abandoning module SourceCodeAccess (178)
[2017.10.26-14.12.46:436][160]LogModuleManager: Shutting down and abandoning module HeadMountedDisplay (176)
[2017.10.26-14.12.46:436][160]LogModuleManager: Shutting down and abandoning module XAudio2 (174)
[2017.10.26-14.12.46:436][160]LogModuleManager: Shutting down and abandoning module Networking (172)
[2017.10.26-14.12.46:436][160]LogModuleManager: Shutting down and abandoning module Core (168)
[2017.10.26-14.12.46:436][160]LogModuleManager: Shutting down and abandoning module KismetCompiler (164)
[2017.10.26-14.12.46:436][160]LogModuleManager: Shutting down and abandoning module LevelSequence (162)
[2017.10.26-14.12.46:436][160]LogModuleManager: Shutting down and abandoning module MeshUtilities (160)
[2017.10.26-14.12.46:436][160]LogModuleManager: Shutting down and abandoning module MeshMergeUtilities (159)
[2017.10.26-14.12.46:436][160]LogModuleManager: Shutting down and abandoning module MeshReductionInterface (158)
[2017.10.26-14.12.46:436][160]LogModuleManager: Shutting down and abandoning module SimplygonSwarm (157)
[2017.10.26-14.12.46:436][160]LogModuleManager: Shutting down and abandoning module SimplygonMeshReduction (155)
[2017.10.26-14.12.46:436][160]LogModuleManager: Shutting down and abandoning module QuadricMeshReduction (153)
[2017.10.26-14.12.46:436][160]LogModuleManager: Shutting down and abandoning module MaterialBaking (149)
[2017.10.26-14.12.46:436][160]LogModuleManager: Shutting down and abandoning module DirectoryWatcher (146)
[2017.10.26-14.12.46:437][160]LogModuleManager: Shutting down and abandoning module DerivedDataCache (144)
[2017.10.26-14.12.46:448][160]LogDerivedDataCache: Shutdown
[2017.10.26-14.12.46:448][160]LogModuleManager: Shutting down and abandoning module TargetPlatform (142)
[2017.10.26-14.12.46:448][160]LogModuleManager: Shutting down and abandoning module VulkanShaderFormat (141)
[2017.10.26-14.12.46:448][160]LogModuleManager: Shutting down and abandoning module ShaderFormatVectorVM (139)
[2017.10.26-14.12.46:448][160]LogModuleManager: Shutting down and abandoning module ShaderFormatOpenGL (137)
[2017.10.26-14.12.46:448][160]LogModuleManager: Shutting down and abandoning module ShaderFormatD3D (135)
[2017.10.26-14.12.46:448][160]LogModuleManager: Shutting down and abandoning module MetalShaderFormat (133)
[2017.10.26-14.12.46:448][160]LogModuleManager: Shutting down and abandoning module TextureFormatUncompressed (131)
[2017.10.26-14.12.46:448][160]LogModuleManager: Shutting down and abandoning module TextureFormatPVR (129)
[2017.10.26-14.12.46:448][160]LogModuleManager: Shutting down and abandoning module TextureFormatDXT (127)
[2017.10.26-14.12.46:448][160]LogModuleManager: Shutting down and abandoning module TextureFormatIntelISPCTexComp (125)
[2017.10.26-14.12.46:449][160]LogModuleManager: Shutting down and abandoning module TextureFormatASTC (123)
[2017.10.26-14.12.46:449][160]LogModuleManager: Shutting down and abandoning module ImageWrapper (122)
[2017.10.26-14.12.46:449][160]LogModuleManager: Shutting down and abandoning module TextureFormatAndroid (119)
[2017.10.26-14.12.46:449][160]LogModuleManager: Shutting down and abandoning module AudioFormatOpus (117)
[2017.10.26-14.12.46:449][160]LogModuleManager: Shutting down and abandoning module AudioFormatOgg (115)
[2017.10.26-14.12.46:449][160]LogModuleManager: Shutting down and abandoning module AudioFormatADPCM (113)
[2017.10.26-14.12.46:449][160]LogModuleManager: Shutting down and abandoning module LinuxTargetPlatform (111)
[2017.10.26-14.12.46:449][160]LogModuleManager: Shutting down and abandoning module LinuxServerTargetPlatform (109)
[2017.10.26-14.12.46:449][160]LogModuleManager: Shutting down and abandoning module LinuxNoEditorTargetPlatform (107)
[2017.10.26-14.12.46:449][160]LogModuleManager: Shutting down and abandoning module LinuxClientTargetPlatform (105)
[2017.10.26-14.12.46:449][160]LogModuleManager: Shutting down and abandoning module TVOSTargetPlatform (103)
[2017.10.26-14.12.46:449][160]LogModuleManager: Shutting down and abandoning module Messaging (101)
[2017.10.26-14.12.46:449][160]LogModuleManager: Shutting down and abandoning module IOSTargetPlatform (99)
[2017.10.26-14.12.46:449][160]LogModuleManager: Shutting down and abandoning module HTML5TargetPlatform (97)
[2017.10.26-14.12.46:449][160]LogModuleManager: Shutting down and abandoning module Android_PVRTCTargetPlatform (95)
[2017.10.26-14.12.46:449][160]LogModuleManager: Shutting down and abandoning module Android_MultiTargetPlatform (93)
[2017.10.26-14.12.46:449][160]LogModuleManager: Shutting down and abandoning module Android_ETC2TargetPlatform (91)
[2017.10.26-14.12.46:449][160]LogModuleManager: Shutting down and abandoning module Android_ETC1TargetPlatform (89)
[2017.10.26-14.12.46:449][160]LogModuleManager: Shutting down and abandoning module Android_DXTTargetPlatform (87)
[2017.10.26-14.12.46:449][160]LogModuleManager: Shutting down and abandoning module Android_ATCTargetPlatform (85)
[2017.10.26-14.12.46:449][160]LogModuleManager: Shutting down and abandoning module Android_ASTCTargetPlatform (83)
[2017.10.26-14.12.46:449][160]LogModuleManager: Shutting down and abandoning module AndroidTargetPlatform (81)
[2017.10.26-14.12.46:449][160]LogModuleManager: Shutting down and abandoning module WindowsTargetPlatform (79)
[2017.10.26-14.12.46:449][160]LogModuleManager: Shutting down and abandoning module WindowsServerTargetPlatform (77)
[2017.10.26-14.12.46:449][160]LogModuleManager: Shutting down and abandoning module WindowsNoEditorTargetPlatform (75)
[2017.10.26-14.12.46:449][160]LogModuleManager: Shutting down and abandoning module WindowsClientTargetPlatform (73)
[2017.10.26-14.12.46:449][160]LogModuleManager: Shutting down and abandoning module MacTargetPlatform (71)
[2017.10.26-14.12.46:449][160]LogModuleManager: Shutting down and abandoning module MacServerTargetPlatform (69)
[2017.10.26-14.12.46:449][160]LogModuleManager: Shutting down and abandoning module MacNoEditorTargetPlatform (67)
[2017.10.26-14.12.46:449][160]LogModuleManager: Shutting down and abandoning module MacClientTargetPlatform (65)
[2017.10.26-14.12.46:449][160]LogModuleManager: Shutting down and abandoning module AllDesktopTargetPlatform (63)
[2017.10.26-14.12.46:449][160]LogModuleManager: Shutting down and abandoning module InputCore (60)
[2017.10.26-14.12.46:449][160]LogModuleManager: Shutting down and abandoning module Settings (58)
[2017.10.26-14.12.46:450][160]LogModuleManager: Shutting down and abandoning module PhysXCooking (56)
[2017.10.26-14.12.46:450][160]LogModuleManager: Shutting down and abandoning module SteamVR (54)
[2017.10.26-14.12.46:450][160]LogModuleManager: Shutting down and abandoning module OculusHMD (52)
[2017.10.26-14.12.46:450][160]LogModuleManager: Shutting down and abandoning module ExampleDeviceProfileSelector (50)
[2017.10.26-14.12.46:450][160]LogModuleManager: Shutting down and abandoning module OnlineBlueprintSupport (48)
[2017.10.26-14.12.46:450][160]LogModuleManager: Shutting down and abandoning module OnlineSubsystem (44)
[2017.10.26-14.12.46:450][160]LogOnline: Display: Unloading online subsystem: NULL
[2017.10.26-14.12.46:450][160]LogModuleManager: Shutting down and abandoning module XMPP (43)
[2017.10.26-14.12.46:450][160]LogModuleManager: Shutting down and abandoning module HTTP (41)
[2017.10.26-14.12.46:450][160]LogHttp: Display: Http module shutting down, but needs to wait on 1 outstanding Http requests:
[2017.10.26-14.12.46:450][160]LogHttp: Display: 	verb=[POST] url=[https://datarouter.ol.epicgames.com/datarouter/api/v1/public/data?SessionID=%7B2A60D041-48A2-35E5-9E49-C6876573261A%7D&AppID=UEEditor.Rocket.Release&AppVersion=4.17.1-3586342%2B%2B%2BUE4%2BRelease-4.17&UserID=8bde5180406a2010a097b8aa2d3a122a%7C7ed710eab412446e9abdba0325f54c28%7C0bec4b94-92f0-486b-bad1-cc25e4afd4db&AppEnvironment=datacollector-binary&UploadType=eteventstream] status=Processing
[2017.10.26-14.12.46:471][160]LogModuleManager: Shutting down and abandoning module SSL (40)
[2017.10.26-14.12.46:472][160]LogModuleManager: Shutting down and abandoning module AnimationModifiers (36)
[2017.10.26-14.12.46:472][160]LogModuleManager: Shutting down and abandoning module PropertyEditor (35)
[2017.10.26-14.12.46:472][160]LogModuleManager: Shutting down and abandoning module AudioEditor (32)
[2017.10.26-14.12.46:472][160]LogModuleManager: Shutting down and abandoning module TextureCompressor (30)
[2017.10.26-14.12.46:472][160]LogModuleManager: Shutting down and abandoning module ShaderCore (28)
[2017.10.26-14.12.46:472][160]LogModuleManager: Shutting down and abandoning module Landscape (26)
[2017.10.26-14.12.46:472][160]LogModuleManager: Shutting down and abandoning module SlateRHIRenderer (24)
[2017.10.26-14.12.46:473][160]LogModuleManager: Shutting down and abandoning module OpenGLDrv (22)
[2017.10.26-14.12.46:473][160]LogModuleManager: Shutting down and abandoning module D3D11RHI (20)
[2017.10.26-14.12.46:473][160]LogModuleManager: Shutting down and abandoning module AnimGraphRuntime (18)
[2017.10.26-14.12.46:473][160]LogModuleManager: Shutting down and abandoning module Renderer (16)
[2017.10.26-14.12.46:473][160]LogModuleManager: Shutting down and abandoning module Engine (14)
[2017.10.26-14.12.46:473][160]LogModuleManager: Shutting down and abandoning module CoreUObject (12)
[2017.10.26-14.12.46:473][160]LogModuleManager: Shutting down and abandoning module NetworkFile (10)
[2017.10.26-14.12.46:473][160]LogModuleManager: Shutting down and abandoning module CookedIterativeFile (8)
[2017.10.26-14.12.46:473][160]LogModuleManager: Shutting down and abandoning module StreamingFile (6)
[2017.10.26-14.12.46:473][160]LogModuleManager: Shutting down and abandoning module SandboxFile (4)
[2017.10.26-14.12.46:473][160]LogModuleManager: Shutting down and abandoning module PakFile (2)
[2017.10.26-14.12.46:476][160]LogExit: Exiting.
[2017.10.26-14.12.46:504][160]Log file closed, 10/26/17 16:12:46
